{"/home/alfred/Documents/meteor-redux-reddit/client/Store.ts": {"path":"/home/alfred/Documents/meteor-redux-reddit/client/Store.ts","statementMap":{"0":{"start":{"line":1,"column":0},"end":{"line":1,"column":69}},"1":{"start":{"line":2,"column":0},"end":{"line":2,"column":70}},"2":{"start":{"line":3,"column":0},"end":{"line":3,"column":52}},"3":{"start":{"line":4,"column":0},"end":{"line":4,"column":44}},"4":{"start":{"line":5,"column":0},"end":{"line":5,"column":42}},"5":{"start":{"line":7,"column":0},"end":{"line":7,"column":40}},"6":{"start":{"line":8,"column":0},"end":{"line":8,"column":34}},"7":{"start":{"line":10,"column":0},"end":{"line":10,"column":56}},"8":{"start":{"line":11,"column":0},"end":{"line":11,"column":62}},"9":{"start":{"line":13,"column":0},"end":{"line":13,"column":47}},"10":{"start":{"line":15,"column":20},"end":{"line":19,"column":25}},"11":{"start":{"line":22,"column":19},"end":{"line":22,"column":64}},"12":{"start":{"line":24,"column":19},"end":{"line":24,"column":44}},"13":{"start":{"line":26,"column":0},"end":{"line":26,"column":42}},"14":{"start":{"line":27,"column":0},"end":{"line":27,"column":46}},"15":{"start":{"line":28,"column":0},"end":{"line":28,"column":49}},"16":{"start":{"line":29,"column":0},"end":{"line":29,"column":30}},"17":{"start":{"line":31,"column":13},"end":{"line":31,"column":21}}},"fnMap":{},"branchMap":{},"s":{"0":0,"1":0,"2":0,"3":0,"4":0,"5":0,"6":0,"7":0,"8":0,"9":0,"10":0,"11":0,"12":0,"13":0,"14":0,"15":0,"16":0,"17":0},"f":{},"b":{}}
,"/home/alfred/Documents/meteor-redux-reddit/client/Utils.ts": {"path":"/home/alfred/Documents/meteor-redux-reddit/client/Utils.ts","statementMap":{"0":{"start":{"line":1,"column":0},"end":{"line":1,"column":27}},"1":{"start":{"line":2,"column":0},"end":{"line":2,"column":47}},"2":{"start":{"line":3,"column":0},"end":{"line":3,"column":34}},"3":{"start":{"line":7,"column":0},"end":{"line":83,"column":1}},"4":{"start":{"line":17,"column":17},"end":{"line":33,"column":6}},"5":{"start":{"line":17,"column":59},"end":{"line":33,"column":5}},"6":{"start":{"line":19,"column":24},"end":{"line":19,"column":43}},"7":{"start":{"line":20,"column":24},"end":{"line":20,"column":68}},"8":{"start":{"line":22,"column":8},"end":{"line":22,"column":34}},"9":{"start":{"line":24,"column":8},"end":{"line":29,"column":9}},"10":{"start":{"line":25,"column":54},"end":{"line":25,"column":80}},"11":{"start":{"line":26,"column":34},"end":{"line":26,"column":62}},"12":{"start":{"line":26,"column":55},"end":{"line":26,"column":61}},"13":{"start":{"line":27,"column":35},"end":{"line":27,"column":63}},"14":{"start":{"line":27,"column":56},"end":{"line":27,"column":62}},"15":{"start":{"line":28,"column":12},"end":{"line":28,"column":62}},"16":{"start":{"line":31,"column":8},"end":{"line":31,"column":18}},"17":{"start":{"line":42,"column":17},"end":{"line":54,"column":11}},"18":{"start":{"line":42,"column":40},"end":{"line":42,"column":48}},"19":{"start":{"line":42,"column":50},"end":{"line":42,"column":58}},"20":{"start":{"line":44,"column":8},"end":{"line":54,"column":10}},"21":{"start":{"line":46,"column":12},"end":{"line":52,"column":15}},"22":{"start":{"line":47,"column":32},"end":{"line":47,"column":46}},"23":{"start":{"line":48,"column":16},"end":{"line":50,"column":17}},"24":{"start":{"line":49,"column":20},"end":{"line":49,"column":34}},"25":{"start":{"line":51,"column":16},"end":{"line":51,"column":28}},"26":{"start":{"line":56,"column":17},"end":{"line":68,"column":11}},"27":{"start":{"line":56,"column":33},"end":{"line":56,"column":41}},"28":{"start":{"line":56,"column":43},"end":{"line":56,"column":51}},"29":{"start":{"line":58,"column":8},"end":{"line":68,"column":10}},"30":{"start":{"line":60,"column":12},"end":{"line":66,"column":15}},"31":{"start":{"line":61,"column":32},"end":{"line":61,"column":46}},"32":{"start":{"line":62,"column":16},"end":{"line":64,"column":17}},"33":{"start":{"line":63,"column":20},"end":{"line":63,"column":34}},"34":{"start":{"line":65,"column":16},"end":{"line":65,"column":28}},"35":{"start":{"line":78,"column":17},"end":{"line":81,"column":20}},"36":{"start":{"line":78,"column":74},"end":{"line":81,"column":19}},"37":{"start":{"line":78,"column":75},"end":{"line":78,"column":95}},"38":{"start":{"line":79,"column":8},"end":{"line":81,"column":19}}},"fnMap":{"0":{"name":"(anonymous_0)","decl":{"start":{"line":7,"column":0},"end":{"line":7,"column":13}},"loc":{"start":{"line":7,"column":19},"end":{"line":83,"column":1}}},"1":{"name":"(anonymous_1)","decl":{"start":{"line":17,"column":33},"end":{"line":17,"column":33}},"loc":{"start":{"line":17,"column":54},"end":{"line":33,"column":5}}},"2":{"name":"(anonymous_2)","decl":{"start":{"line":17,"column":59},"end":{"line":17,"column":59}},"loc":{"start":{"line":17,"column":74},"end":{"line":33,"column":5}}},"3":{"name":"(anonymous_3)","decl":{"start":{"line":26,"column":48},"end":{"line":26,"column":48}},"loc":{"start":{"line":26,"column":50},"end":{"line":26,"column":61}}},"4":{"name":"(anonymous_4)","decl":{"start":{"line":27,"column":49},"end":{"line":27,"column":49}},"loc":{"start":{"line":27,"column":51},"end":{"line":27,"column":62}}},"5":{"name":"(anonymous_5)","decl":{"start":{"line":42,"column":37},"end":{"line":42,"column":37}},"loc":{"start":{"line":42,"column":74},"end":{"line":54,"column":10}}},"6":{"name":"(anonymous_6)","decl":{"start":{"line":44,"column":39},"end":{"line":44,"column":39}},"loc":{"start":{"line":44,"column":55},"end":{"line":54,"column":9}}},"7":{"name":"(anonymous_7)","decl":{"start":{"line":46,"column":57},"end":{"line":46,"column":57}},"loc":{"start":{"line":46,"column":67},"end":{"line":52,"column":13}}},"8":{"name":"(anonymous_8)","decl":{"start":{"line":56,"column":30},"end":{"line":56,"column":30}},"loc":{"start":{"line":56,"column":67},"end":{"line":68,"column":10}}},"9":{"name":"(anonymous_9)","decl":{"start":{"line":58,"column":39},"end":{"line":58,"column":39}},"loc":{"start":{"line":58,"column":55},"end":{"line":68,"column":9}}},"10":{"name":"(anonymous_10)","decl":{"start":{"line":60,"column":56},"end":{"line":60,"column":56}},"loc":{"start":{"line":60,"column":73},"end":{"line":66,"column":13}}},"11":{"name":"(anonymous_11)","decl":{"start":{"line":78,"column":45},"end":{"line":78,"column":45}},"loc":{"start":{"line":78,"column":69},"end":{"line":81,"column":19}}},"12":{"name":"(anonymous_12)","decl":{"start":{"line":78,"column":74},"end":{"line":78,"column":74}},"loc":{"start":{"line":78,"column":103},"end":{"line":81,"column":19}}}},"branchMap":{"0":{"loc":{"start":{"line":24,"column":8},"end":{"line":29,"column":9}},"type":"if","locations":[{"start":{"line":24,"column":8},"end":{"line":29,"column":9}},{"start":{"line":24,"column":8},"end":{"line":29,"column":9}}]},"1":{"loc":{"start":{"line":47,"column":32},"end":{"line":47,"column":36}},"type":"binary-expr","locations":[{"start":{"line":47,"column":32},"end":{"line":47,"column":36}},{"start":{"line":47,"column":40},"end":{"line":47,"column":46}}]},"2":{"loc":{"start":{"line":48,"column":16},"end":{"line":50,"column":17}},"type":"if","locations":[{"start":{"line":48,"column":16},"end":{"line":50,"column":17}},{"start":{"line":48,"column":16},"end":{"line":50,"column":17}}]},"3":{"loc":{"start":{"line":61,"column":32},"end":{"line":61,"column":36}},"type":"binary-expr","locations":[{"start":{"line":61,"column":32},"end":{"line":61,"column":36}},{"start":{"line":61,"column":40},"end":{"line":61,"column":46}}]},"4":{"loc":{"start":{"line":62,"column":16},"end":{"line":64,"column":17}},"type":"if","locations":[{"start":{"line":62,"column":16},"end":{"line":64,"column":17}},{"start":{"line":62,"column":16},"end":{"line":64,"column":17}}]},"5":{"loc":{"start":{"line":78,"column":75},"end":{"line":78,"column":95}},"type":"if","locations":[{"start":{"line":78,"column":75},"end":{"line":78,"column":95}},{"start":{"line":78,"column":75},"end":{"line":78,"column":95}}]},"6":{"loc":{"start":{"line":80,"column":14},"end":{"line":80,"column":51}},"type":"cond-expr","locations":[{"start":{"line":80,"column":14},"end":{"line":80,"column":51}},{"start":{"line":81,"column":14},"end":{"line":81,"column":19}}]},"7":{"loc":{"start":{"line":7,"column":14},"end":{"line":7,"column":19}},"type":"binary-expr","locations":[{"start":{"line":7,"column":14},"end":{"line":7,"column":19}},{"start":{"line":7,"column":14},"end":{"line":7,"column":19}}]}},"s":{"0":1,"1":1,"2":1,"3":1,"4":1,"5":0,"6":0,"7":0,"8":0,"9":0,"10":0,"11":0,"12":0,"13":0,"14":0,"15":0,"16":0,"17":1,"18":0,"19":0,"20":0,"21":0,"22":0,"23":0,"24":0,"25":0,"26":1,"27":0,"28":0,"29":0,"30":0,"31":0,"32":0,"33":0,"34":0,"35":1,"36":1,"37":7,"38":4},"f":{"0":1,"1":0,"2":0,"3":0,"4":0,"5":0,"6":0,"7":0,"8":0,"9":0,"10":0,"11":1,"12":4},"b":{"0":[0,0],"1":[0,0],"2":[0,0],"3":[0,0],"4":[0,0],"5":[3,1],"6":[1,3],"7":[1,1]}}
,"/home/alfred/Documents/meteor-redux-reddit/client/main.tsx": {"path":"/home/alfred/Documents/meteor-redux-reddit/client/main.tsx","statementMap":{"0":{"start":{"line":1,"column":0},"end":{"line":1,"column":39}},"1":{"start":{"line":2,"column":0},"end":{"line":2,"column":31}},"2":{"start":{"line":3,"column":0},"end":{"line":3,"column":35}},"3":{"start":{"line":4,"column":0},"end":{"line":4,"column":39}},"4":{"start":{"line":5,"column":0},"end":{"line":5,"column":42}},"5":{"start":{"line":7,"column":0},"end":{"line":7,"column":37}},"6":{"start":{"line":8,"column":0},"end":{"line":8,"column":32}},"7":{"start":{"line":10,"column":0},"end":{"line":17,"column":1}},"8":{"start":{"line":11,"column":4},"end":{"line":15,"column":32}}},"fnMap":{"0":{"name":"(anonymous_0)","decl":{"start":{"line":10,"column":15},"end":{"line":null,"column":-1}},"loc":{"start":{"line":10,"column":15},"end":{"line":17,"column":1}}}},"branchMap":{},"s":{"0":0,"1":0,"2":0,"3":0,"4":0,"5":0,"6":0,"7":0,"8":0},"f":{"0":0},"b":{}}
,"/home/alfred/Documents/meteor-redux-reddit/client/components/App.tsx": {"path":"/home/alfred/Documents/meteor-redux-reddit/client/components/App.tsx","statementMap":{"0":{"start":{"line":1,"column":0},"end":{"line":1,"column":57}},"1":{"start":{"line":2,"column":0},"end":{"line":2,"column":31}},"2":{"start":{"line":3,"column":0},"end":{"line":3,"column":41}},"3":{"start":{"line":4,"column":0},"end":{"line":4,"column":86}},"4":{"start":{"line":5,"column":0},"end":{"line":5,"column":54}},"5":{"start":{"line":7,"column":0},"end":{"line":7,"column":61}},"6":{"start":{"line":9,"column":0},"end":{"line":9,"column":41}},"7":{"start":{"line":10,"column":0},"end":{"line":10,"column":35}},"8":{"start":{"line":11,"column":0},"end":{"line":11,"column":37}},"9":{"start":{"line":12,"column":0},"end":{"line":12,"column":47}},"10":{"start":{"line":13,"column":0},"end":{"line":13,"column":39}},"11":{"start":{"line":15,"column":0},"end":{"line":15,"column":50}},"12":{"start":{"line":17,"column":16},"end":{"line":17,"column":29}},"13":{"start":{"line":19,"column":13},"end":{"line":30,"column":1}},"14":{"start":{"line":19,"column":63},"end":{"line":30,"column":1}}},"fnMap":{"0":{"name":"(anonymous_0)","decl":{"start":{"line":19,"column":57},"end":{"line":19,"column":62}},"loc":{"start":{"line":19,"column":57},"end":{"line":30,"column":1}}}},"branchMap":{},"s":{"0":0,"1":0,"2":0,"3":0,"4":0,"5":0,"6":0,"7":0,"8":0,"9":0,"10":0,"11":0,"12":0,"13":0,"14":0},"f":{"0":0},"b":{}}
,"/home/alfred/Documents/meteor-redux-reddit/client/components/containers/AddPostFormContainer.tsx": {"path":"/home/alfred/Documents/meteor-redux-reddit/client/components/containers/AddPostFormContainer.tsx","statementMap":{"0":{"start":{"line":1,"column":0},"end":{"line":1,"column":36}},"1":{"start":{"line":3,"column":0},"end":{"line":3,"column":81}},"2":{"start":{"line":4,"column":0},"end":{"line":4,"column":43}},"3":{"start":{"line":6,"column":16},"end":{"line":7,"column":14}},"4":{"start":{"line":10,"column":13},"end":{"line":10,"column":55}}},"fnMap":{},"branchMap":{},"s":{"0":0,"1":0,"2":0,"3":0,"4":0},"f":{},"b":{}}
,"/home/alfred/Documents/meteor-redux-reddit/client/components/containers/CommentListContainer.tsx": {"path":"/home/alfred/Documents/meteor-redux-reddit/client/components/containers/CommentListContainer.tsx","statementMap":{"0":{"start":{"line":2,"column":0},"end":{"line":2,"column":36}},"1":{"start":{"line":5,"column":0},"end":{"line":5,"column":81}},"2":{"start":{"line":6,"column":0},"end":{"line":6,"column":47}},"3":{"start":{"line":7,"column":0},"end":{"line":7,"column":66}},"4":{"start":{"line":9,"column":18},"end":{"line":9,"column":39}},"5":{"start":{"line":9,"column":21},"end":{"line":9,"column":26}},"6":{"start":{"line":9,"column":33},"end":{"line":null,"column":-1}},"7":{"start":{"line":11,"column":16},"end":{"line":14,"column":59}},"8":{"start":{"line":17,"column":13},"end":{"line":17,"column":55}}},"fnMap":{"0":{"name":"(anonymous_0)","decl":{"start":{"line":9,"column":18},"end":{"line":9,"column":18}},"loc":{"start":{"line":9,"column":19},"end":{"line":9,"column":39}}}},"branchMap":{},"s":{"0":0,"1":0,"2":0,"3":0,"4":0,"5":0,"6":0,"7":0,"8":0},"f":{"0":0},"b":{}}
,"/home/alfred/Documents/meteor-redux-reddit/client/components/containers/LoginFormContainer.tsx": {"path":"/home/alfred/Documents/meteor-redux-reddit/client/components/containers/LoginFormContainer.tsx","statementMap":{"0":{"start":{"line":2,"column":0},"end":{"line":2,"column":36}},"1":{"start":{"line":4,"column":0},"end":{"line":4,"column":74}},"2":{"start":{"line":5,"column":0},"end":{"line":5,"column":60}},"3":{"start":{"line":7,"column":0},"end":{"line":7,"column":91}},"4":{"start":{"line":9,"column":16},"end":{"line":11,"column":18}},"5":{"start":{"line":14,"column":13},"end":{"line":14,"column":51}}},"fnMap":{},"branchMap":{},"s":{"0":0,"1":0,"2":0,"3":0,"4":0,"5":0},"f":{},"b":{}}
,"/home/alfred/Documents/meteor-redux-reddit/client/components/containers/NavbarContainer.tsx": {"path":"/home/alfred/Documents/meteor-redux-reddit/client/components/containers/NavbarContainer.tsx","statementMap":{"0":{"start":{"line":2,"column":0},"end":{"line":2,"column":36}},"1":{"start":{"line":4,"column":0},"end":{"line":4,"column":74}},"2":{"start":{"line":5,"column":0},"end":{"line":5,"column":64}},"3":{"start":{"line":7,"column":0},"end":{"line":7,"column":66}},"4":{"start":{"line":9,"column":16},"end":{"line":11,"column":20}},"5":{"start":{"line":14,"column":13},"end":{"line":14,"column":45}}},"fnMap":{},"branchMap":{},"s":{"0":0,"1":0,"2":0,"3":0,"4":0,"5":0},"f":{},"b":{}}
,"/home/alfred/Documents/meteor-redux-reddit/client/components/containers/PostContainer.tsx": {"path":"/home/alfred/Documents/meteor-redux-reddit/client/components/containers/PostContainer.tsx","statementMap":{"0":{"start":{"line":2,"column":0},"end":{"line":2,"column":36}},"1":{"start":{"line":4,"column":0},"end":{"line":4,"column":60}},"2":{"start":{"line":5,"column":0},"end":{"line":5,"column":66}},"3":{"start":{"line":6,"column":0},"end":{"line":6,"column":44}},"4":{"start":{"line":14,"column":18},"end":{"line":14,"column":39}},"5":{"start":{"line":14,"column":21},"end":{"line":14,"column":26}},"6":{"start":{"line":14,"column":33},"end":{"line":null,"column":-1}},"7":{"start":{"line":16,"column":16},"end":{"line":19,"column":48}},"8":{"start":{"line":22,"column":13},"end":{"line":22,"column":29}},"9":{"start":{"line":22,"column":40},"end":{"line":22,"column":44}},"10":{"start":{"line":22,"column":51},"end":{"line":null,"column":-1}}},"fnMap":{"0":{"name":"(anonymous_0)","decl":{"start":{"line":14,"column":18},"end":{"line":14,"column":18}},"loc":{"start":{"line":14,"column":19},"end":{"line":14,"column":39}}},"1":{"name":"(anonymous_1)","decl":{"start":{"line":22,"column":37},"end":{"line":22,"column":37}},"loc":{"start":{"line":22,"column":38},"end":{"line":22,"column":29}}}},"branchMap":{},"s":{"0":0,"1":0,"2":0,"3":0,"4":0,"5":0,"6":0,"7":0,"8":0,"9":0,"10":0},"f":{"0":0,"1":0},"b":{}}
,"/home/alfred/Documents/meteor-redux-reddit/client/components/containers/PostListContainer.tsx": {"path":"/home/alfred/Documents/meteor-redux-reddit/client/components/containers/PostListContainer.tsx","statementMap":{"0":{"start":{"line":2,"column":0},"end":{"line":2,"column":36}},"1":{"start":{"line":4,"column":0},"end":{"line":4,"column":72}},"2":{"start":{"line":5,"column":0},"end":{"line":5,"column":66}},"3":{"start":{"line":6,"column":0},"end":{"line":6,"column":44}},"4":{"start":{"line":14,"column":18},"end":{"line":14,"column":39}},"5":{"start":{"line":14,"column":21},"end":{"line":14,"column":26}},"6":{"start":{"line":14,"column":33},"end":{"line":null,"column":-1}},"7":{"start":{"line":16,"column":16},"end":{"line":19,"column":48}},"8":{"start":{"line":22,"column":13},"end":{"line":22,"column":33}},"9":{"start":{"line":22,"column":44},"end":{"line":22,"column":49}},"10":{"start":{"line":22,"column":56},"end":{"line":null,"column":-1}}},"fnMap":{"0":{"name":"(anonymous_0)","decl":{"start":{"line":14,"column":18},"end":{"line":14,"column":18}},"loc":{"start":{"line":14,"column":19},"end":{"line":14,"column":39}}},"1":{"name":"(anonymous_1)","decl":{"start":{"line":22,"column":41},"end":{"line":22,"column":41}},"loc":{"start":{"line":22,"column":42},"end":{"line":22,"column":33}}}},"branchMap":{},"s":{"0":0,"1":0,"2":0,"3":0,"4":0,"5":0,"6":0,"7":0,"8":0,"9":0,"10":0},"f":{"0":0,"1":0},"b":{}}
,"/home/alfred/Documents/meteor-redux-reddit/client/components/containers/SignUpFormContainer.ts": {"path":"/home/alfred/Documents/meteor-redux-reddit/client/components/containers/SignUpFormContainer.ts","statementMap":{"0":{"start":{"line":1,"column":0},"end":{"line":1,"column":36}},"1":{"start":{"line":3,"column":0},"end":{"line":3,"column":74}},"2":{"start":{"line":4,"column":0},"end":{"line":4,"column":60}},"3":{"start":{"line":6,"column":0},"end":{"line":6,"column":95}},"4":{"start":{"line":8,"column":16},"end":{"line":10,"column":18}},"5":{"start":{"line":13,"column":13},"end":{"line":13,"column":53}}},"fnMap":{},"branchMap":{},"s":{"0":0,"1":0,"2":0,"3":0,"4":0,"5":0},"f":{},"b":{}}
,"/home/alfred/Documents/meteor-redux-reddit/client/components/elements/AddPostForm.tsx": {"path":"/home/alfred/Documents/meteor-redux-reddit/client/components/elements/AddPostForm.tsx","statementMap":{"0":{"start":{"line":1,"column":0},"end":{"line":1,"column":31}},"1":{"start":{"line":2,"column":0},"end":{"line":2,"column":65}},"2":{"start":{"line":3,"column":0},"end":{"line":3,"column":54}},"3":{"start":{"line":4,"column":0},"end":{"line":4,"column":65}},"4":{"start":{"line":13,"column":13},"end":{"line":33,"column":1}},"5":{"start":{"line":13,"column":78},"end":{"line":13,"column":86}},"6":{"start":{"line":13,"column":88},"end":{"line":13,"column":100}},"7":{"start":{"line":13,"column":102},"end":{"line":13,"column":112}},"8":{"start":{"line":13,"column":119},"end":{"line":null,"column":-1}}},"fnMap":{"0":{"name":"(anonymous_0)","decl":{"start":{"line":13,"column":75},"end":{"line":13,"column":75}},"loc":{"start":{"line":13,"column":76},"end":{"line":33,"column":1}}}},"branchMap":{"0":{"loc":{"start":{"line":31,"column":40},"end":{"line":31,"column":51}},"type":"binary-expr","locations":[{"start":{"line":31,"column":40},"end":{"line":31,"column":51}},{"start":{"line":31,"column":52},"end":{"line":13,"column":118}}]}},"s":{"0":0,"1":0,"2":0,"3":0,"4":0,"5":0,"6":0,"7":0,"8":0},"f":{"0":0},"b":{"0":[0,0]}}
,"/home/alfred/Documents/meteor-redux-reddit/client/components/elements/Avatar.tsx": {"path":"/home/alfred/Documents/meteor-redux-reddit/client/components/elements/Avatar.tsx","statementMap":{"0":{"start":{"line":1,"column":0},"end":{"line":1,"column":30}},"1":{"start":{"line":4,"column":13},"end":{"line":11,"column":2}},"2":{"start":{"line":4,"column":44},"end":{"line":4,"column":45}},"3":{"start":{"line":4,"column":47},"end":{"line":4,"column":48}},"4":{"start":{"line":4,"column":50},"end":{"line":4,"column":51}},"5":{"start":{"line":4,"column":58},"end":{"line":11,"column":1}}},"fnMap":{"0":{"name":"(anonymous_0)","decl":{"start":{"line":4,"column":41},"end":{"line":4,"column":41}},"loc":{"start":{"line":4,"column":53},"end":{"line":11,"column":1}}}},"branchMap":{},"s":{"0":1,"1":1,"2":0,"3":0,"4":0,"5":0},"f":{"0":0},"b":{}}
,"/home/alfred/Documents/meteor-redux-reddit/client/components/elements/CommentList.tsx": {"path":"/home/alfred/Documents/meteor-redux-reddit/client/components/elements/CommentList.tsx","statementMap":{"0":{"start":{"line":1,"column":0},"end":{"line":1,"column":28}},"1":{"start":{"line":2,"column":0},"end":{"line":2,"column":31}},"2":{"start":{"line":3,"column":0},"end":{"line":3,"column":50}},"3":{"start":{"line":18,"column":13},"end":{"line":30,"column":1}},"4":{"start":{"line":18,"column":60},"end":{"line":18,"column":68}},"5":{"start":{"line":18,"column":75},"end":{"line":23,"column":22}},"6":{"start":{"line":23,"column":41},"end":{"line":23,"column":44}},"7":{"start":{"line":23,"column":46},"end":{"line":23,"column":53}},"8":{"start":{"line":23,"column":55},"end":{"line":23,"column":59}},"9":{"start":{"line":23,"column":66},"end":{"line":null,"column":-1}}},"fnMap":{"0":{"name":"(anonymous_0)","decl":{"start":{"line":18,"column":57},"end":{"line":18,"column":57}},"loc":{"start":{"line":18,"column":58},"end":{"line":30,"column":1}}},"1":{"name":"(anonymous_1)","decl":{"start":{"line":23,"column":38},"end":{"line":23,"column":38}},"loc":{"start":{"line":23,"column":39},"end":{"line":23,"column":22}}}},"branchMap":{"0":{"loc":{"start":{"line":21,"column":45},"end":{"line":21,"column":57}},"type":"cond-expr","locations":[{"start":{"line":21,"column":45},"end":{"line":21,"column":57}},{"start":{"line":21,"column":58},"end":{"line":null,"column":-1}}]},"1":{"loc":{"start":{"line":21,"column":13},"end":{"line":21,"column":15}},"type":"binary-expr","locations":[{"start":{"line":21,"column":13},"end":{"line":21,"column":15}},{"start":{"line":21,"column":27},"end":{"line":21,"column":36}}]}},"s":{"0":0,"1":0,"2":0,"3":0,"4":0,"5":0,"6":0,"7":0,"8":0,"9":0},"f":{"0":0,"1":0},"b":{"0":[0,0],"1":[0,0]}}
,"/home/alfred/Documents/meteor-redux-reddit/client/components/elements/LoadingSegment.tsx": {"path":"/home/alfred/Documents/meteor-redux-reddit/client/components/elements/LoadingSegment.tsx","statementMap":{"0":{"start":{"line":1,"column":0},"end":{"line":1,"column":31}},"1":{"start":{"line":2,"column":0},"end":{"line":2,"column":67}},"2":{"start":{"line":4,"column":13},"end":{"line":11,"column":1}},"3":{"start":{"line":4,"column":51},"end":{"line":11,"column":1}}},"fnMap":{"0":{"name":"(anonymous_0)","decl":{"start":{"line":4,"column":45},"end":{"line":4,"column":50}},"loc":{"start":{"line":4,"column":45},"end":{"line":11,"column":1}}}},"branchMap":{},"s":{"0":0,"1":0,"2":0,"3":0},"f":{"0":0},"b":{}}
,"/home/alfred/Documents/meteor-redux-reddit/client/components/elements/LoginForm.tsx": {"path":"/home/alfred/Documents/meteor-redux-reddit/client/components/elements/LoginForm.tsx","statementMap":{"0":{"start":{"line":1,"column":0},"end":{"line":1,"column":31}},"1":{"start":{"line":2,"column":0},"end":{"line":2,"column":55}},"2":{"start":{"line":3,"column":0},"end":{"line":3,"column":54}},"3":{"start":{"line":4,"column":0},"end":{"line":4,"column":65}},"4":{"start":{"line":16,"column":13},"end":{"line":37,"column":1}},"5":{"start":{"line":16,"column":56},"end":{"line":16,"column":64}},"6":{"start":{"line":16,"column":66},"end":{"line":16,"column":78}},"7":{"start":{"line":16,"column":80},"end":{"line":16,"column":90}},"8":{"start":{"line":16,"column":92},"end":{"line":16,"column":102}},"9":{"start":{"line":16,"column":109},"end":{"line":null,"column":-1}}},"fnMap":{"0":{"name":"(anonymous_0)","decl":{"start":{"line":16,"column":53},"end":{"line":16,"column":53}},"loc":{"start":{"line":16,"column":54},"end":{"line":37,"column":1}}}},"branchMap":{"0":{"loc":{"start":{"line":35,"column":40},"end":{"line":35,"column":51}},"type":"binary-expr","locations":[{"start":{"line":35,"column":40},"end":{"line":35,"column":51}},{"start":{"line":35,"column":52},"end":{"line":35,"column":65}},{"start":{"line":35,"column":66},"end":{"line":16,"column":108}}]}},"s":{"0":0,"1":0,"2":0,"3":0,"4":0,"5":0,"6":0,"7":0,"8":0,"9":0},"f":{"0":0},"b":{"0":[0,0,0]}}
,"/home/alfred/Documents/meteor-redux-reddit/client/components/elements/Navbar.tsx": {"path":"/home/alfred/Documents/meteor-redux-reddit/client/components/elements/Navbar.tsx","statementMap":{"0":{"start":{"line":1,"column":0},"end":{"line":1,"column":30}},"1":{"start":{"line":2,"column":0},"end":{"line":2,"column":39}},"2":{"start":{"line":3,"column":0},"end":{"line":3,"column":48}},"3":{"start":{"line":4,"column":0},"end":{"line":4,"column":33}},"4":{"start":{"line":15,"column":13},"end":{"line":20,"column":2}},"5":{"start":{"line":27,"column":51},"end":{"line":40,"column":1}},"6":{"start":{"line":27,"column":54},"end":{"line":27,"column":62}},"7":{"start":{"line":27,"column":69},"end":{"line":40,"column":1}},"8":{"start":{"line":42,"column":34},"end":{"line":50,"column":1}},"9":{"start":{"line":42,"column":40},"end":{"line":50,"column":1}},"10":{"start":{"line":48,"column":27},"end":{"line":48,"column":42}},"11":{"start":{"line":52,"column":13},"end":{"line":73,"column":2}},"12":{"start":{"line":52,"column":50},"end":{"line":52,"column":58}},"13":{"start":{"line":52,"column":60},"end":{"line":52,"column":71}},"14":{"start":{"line":52,"column":78},"end":{"line":73,"column":1}}},"fnMap":{"0":{"name":"(anonymous_1)","decl":{"start":{"line":27,"column":51},"end":{"line":27,"column":51}},"loc":{"start":{"line":27,"column":64},"end":{"line":40,"column":1}}},"1":{"name":"(anonymous_2)","decl":{"start":{"line":42,"column":34},"end":{"line":42,"column":39}},"loc":{"start":{"line":42,"column":34},"end":{"line":50,"column":1}}},"2":{"name":"(anonymous_3)","decl":{"start":{"line":48,"column":21},"end":{"line":48,"column":26}},"loc":{"start":{"line":48,"column":21},"end":{"line":48,"column":42}}},"3":{"name":"(anonymous_4)","decl":{"start":{"line":52,"column":47},"end":{"line":52,"column":47}},"loc":{"start":{"line":52,"column":73},"end":{"line":73,"column":1}}}},"branchMap":{"0":{"loc":{"start":{"line":69,"column":19},"end":{"line":69,"column":33}},"type":"cond-expr","locations":[{"start":{"line":69,"column":19},"end":{"line":69,"column":33}},{"start":{"line":70,"column":19},"end":{"line":70,"column":52}}]}},"s":{"0":1,"1":1,"2":1,"3":1,"4":1,"5":1,"6":0,"7":0,"8":1,"9":0,"10":0,"11":1,"12":1,"13":1,"14":1},"f":{"0":0,"1":0,"2":0,"3":1},"b":{"0":[1,0]}}
,"/home/alfred/Documents/meteor-redux-reddit/client/components/elements/NoPostsSegment.tsx": {"path":"/home/alfred/Documents/meteor-redux-reddit/client/components/elements/NoPostsSegment.tsx","statementMap":{"0":{"start":{"line":1,"column":0},"end":{"line":1,"column":31}},"1":{"start":{"line":2,"column":0},"end":{"line":2,"column":40}},"2":{"start":{"line":3,"column":0},"end":{"line":3,"column":59}},"3":{"start":{"line":5,"column":13},"end":{"line":10,"column":1}},"4":{"start":{"line":5,"column":51},"end":{"line":10,"column":1}}},"fnMap":{"0":{"name":"(anonymous_0)","decl":{"start":{"line":5,"column":45},"end":{"line":5,"column":50}},"loc":{"start":{"line":5,"column":45},"end":{"line":10,"column":1}}}},"branchMap":{},"s":{"0":0,"1":0,"2":0,"3":0,"4":0},"f":{"0":0},"b":{}}
,"/home/alfred/Documents/meteor-redux-reddit/client/components/elements/Post.tsx": {"path":"/home/alfred/Documents/meteor-redux-reddit/client/components/elements/Post.tsx","statementMap":{"0":{"start":{"line":1,"column":0},"end":{"line":1,"column":31}},"1":{"start":{"line":2,"column":0},"end":{"line":2,"column":40}},"2":{"start":{"line":3,"column":0},"end":{"line":3,"column":58}},"3":{"start":{"line":13,"column":13},"end":{"line":28,"column":1}},"4":{"start":{"line":13,"column":46},"end":{"line":13,"column":49}},"5":{"start":{"line":13,"column":51},"end":{"line":13,"column":61}},"6":{"start":{"line":13,"column":63},"end":{"line":13,"column":72}},"7":{"start":{"line":13,"column":74},"end":{"line":13,"column":90}},"8":{"start":{"line":13,"column":92},"end":{"line":13,"column":99}},"9":{"start":{"line":13,"column":106},"end":{"line":null,"column":-1}}},"fnMap":{"0":{"name":"(anonymous_0)","decl":{"start":{"line":13,"column":43},"end":{"line":13,"column":43}},"loc":{"start":{"line":13,"column":44},"end":{"line":28,"column":1}}}},"branchMap":{"0":{"loc":{"start":{"line":13,"column":51},"end":{"line":13,"column":60}},"type":"cond-expr","locations":[{"start":{"line":13,"column":51},"end":{"line":13,"column":60}},{"start":{"line":13,"column":61},"end":{"line":13,"column":62}}]},"1":{"loc":{"start":{"line":13,"column":63},"end":{"line":13,"column":71}},"type":"cond-expr","locations":[{"start":{"line":13,"column":63},"end":{"line":13,"column":71}},{"start":{"line":13,"column":72},"end":{"line":13,"column":73}}]},"2":{"loc":{"start":{"line":13,"column":74},"end":{"line":13,"column":89}},"type":"cond-expr","locations":[{"start":{"line":13,"column":74},"end":{"line":13,"column":89}},{"start":{"line":13,"column":90},"end":{"line":13,"column":91}}]},"3":{"loc":{"start":{"line":24,"column":32},"end":{"line":24,"column":40}},"type":"cond-expr","locations":[{"start":{"line":24,"column":32},"end":{"line":24,"column":40}},{"start":{"line":13,"column":106},"end":{"line":null,"column":-1}}]}},"s":{"0":0,"1":0,"2":0,"3":0,"4":0,"5":0,"6":0,"7":0,"8":0,"9":0},"f":{"0":0},"b":{"0":[0,0],"1":[0,0],"2":[0,0],"3":[0,0]}}
,"/home/alfred/Documents/meteor-redux-reddit/client/components/elements/PostList.tsx": {"path":"/home/alfred/Documents/meteor-redux-reddit/client/components/elements/PostList.tsx","statementMap":{"0":{"start":{"line":1,"column":0},"end":{"line":1,"column":28}},"1":{"start":{"line":2,"column":0},"end":{"line":2,"column":31}},"2":{"start":{"line":3,"column":0},"end":{"line":3,"column":42}},"3":{"start":{"line":9,"column":13},"end":{"line":13,"column":1}},"4":{"start":{"line":9,"column":54},"end":{"line":9,"column":59}},"5":{"start":{"line":9,"column":66},"end":{"line":null,"column":-1}},"6":{"start":{"line":11,"column":29},"end":{"line":9,"column":66}}},"fnMap":{"0":{"name":"(anonymous_0)","decl":{"start":{"line":9,"column":51},"end":{"line":9,"column":51}},"loc":{"start":{"line":9,"column":52},"end":{"line":13,"column":1}}},"1":{"name":"(anonymous_1)","decl":{"start":{"line":11,"column":22},"end":{"line":11,"column":22}},"loc":{"start":{"line":11,"column":23},"end":{"line":9,"column":66}}}},"branchMap":{},"s":{"0":0,"1":0,"2":0,"3":0,"4":0,"5":0,"6":0},"f":{"0":0,"1":0},"b":{}}
,"/home/alfred/Documents/meteor-redux-reddit/client/components/elements/SignUpForm.tsx": {"path":"/home/alfred/Documents/meteor-redux-reddit/client/components/elements/SignUpForm.tsx","statementMap":{"0":{"start":{"line":1,"column":0},"end":{"line":1,"column":31}},"1":{"start":{"line":2,"column":0},"end":{"line":2,"column":55}},"2":{"start":{"line":3,"column":0},"end":{"line":3,"column":54}},"3":{"start":{"line":4,"column":0},"end":{"line":4,"column":65}},"4":{"start":{"line":16,"column":13},"end":{"line":50,"column":5}},"5":{"start":{"line":17,"column":4},"end":{"line":17,"column":12}},"6":{"start":{"line":18,"column":4},"end":{"line":18,"column":16}},"7":{"start":{"line":19,"column":4},"end":{"line":19,"column":14}},"8":{"start":{"line":20,"column":4},"end":{"line":20,"column":14}},"9":{"start":{"line":21,"column":6},"end":{"line":null,"column":-1}}},"fnMap":{"0":{"name":"(anonymous_0)","decl":{"start":{"line":16,"column":55},"end":{"line":16,"column":55}},"loc":{"start":{"line":16,"column":56},"end":{"line":50,"column":5}}}},"branchMap":{"0":{"loc":{"start":{"line":48,"column":44},"end":{"line":48,"column":55}},"type":"binary-expr","locations":[{"start":{"line":48,"column":44},"end":{"line":48,"column":55}},{"start":{"line":48,"column":56},"end":{"line":48,"column":69}},{"start":{"line":48,"column":70},"end":{"line":21,"column":5}}]}},"s":{"0":0,"1":0,"2":0,"3":0,"4":0,"5":0,"6":0,"7":0,"8":0,"9":0},"f":{"0":0},"b":{"0":[0,0,0]}}
,"/home/alfred/Documents/meteor-redux-reddit/client/components/scenes/AddPost.tsx": {"path":"/home/alfred/Documents/meteor-redux-reddit/client/components/scenes/AddPost.tsx","statementMap":{"0":{"start":{"line":1,"column":0},"end":{"line":1,"column":31}},"1":{"start":{"line":2,"column":0},"end":{"line":2,"column":43}},"2":{"start":{"line":4,"column":0},"end":{"line":4,"column":82}},"3":{"start":{"line":6,"column":13},"end":{"line":11,"column":1}},"4":{"start":{"line":6,"column":29},"end":{"line":11,"column":1}}},"fnMap":{"0":{"name":"(anonymous_0)","decl":{"start":{"line":6,"column":23},"end":{"line":6,"column":28}},"loc":{"start":{"line":6,"column":23},"end":{"line":11,"column":1}}}},"branchMap":{},"s":{"0":0,"1":0,"2":0,"3":0,"4":0},"f":{"0":0},"b":{}}
,"/home/alfred/Documents/meteor-redux-reddit/client/components/scenes/Home.tsx": {"path":"/home/alfred/Documents/meteor-redux-reddit/client/components/scenes/Home.tsx","statementMap":{"0":{"start":{"line":2,"column":0},"end":{"line":2,"column":31}},"1":{"start":{"line":3,"column":0},"end":{"line":3,"column":36}},"2":{"start":{"line":6,"column":0},"end":{"line":6,"column":76}},"3":{"start":{"line":7,"column":0},"end":{"line":7,"column":68}},"4":{"start":{"line":9,"column":0},"end":{"line":9,"column":66}},"5":{"start":{"line":10,"column":0},"end":{"line":10,"column":44}},"6":{"start":{"line":12,"column":18},"end":{"line":12,"column":39}},"7":{"start":{"line":12,"column":21},"end":{"line":12,"column":26}},"8":{"start":{"line":12,"column":33},"end":{"line":null,"column":-1}},"9":{"start":{"line":19,"column":16},"end":{"line":22,"column":40}},"10":{"start":{"line":25,"column":13},"end":{"line":25,"column":20}},"11":{"start":{"line":25,"column":31},"end":{"line":25,"column":38}},"12":{"start":{"line":25,"column":45},"end":{"line":null,"column":-1}}},"fnMap":{"0":{"name":"(anonymous_0)","decl":{"start":{"line":12,"column":18},"end":{"line":12,"column":18}},"loc":{"start":{"line":12,"column":19},"end":{"line":12,"column":39}}},"1":{"name":"(anonymous_1)","decl":{"start":{"line":25,"column":28},"end":{"line":25,"column":28}},"loc":{"start":{"line":25,"column":29},"end":{"line":25,"column":20}}}},"branchMap":{"0":{"loc":{"start":{"line":28,"column":15},"end":{"line":28,"column":33}},"type":"cond-expr","locations":[{"start":{"line":28,"column":15},"end":{"line":28,"column":33}},{"start":{"line":29,"column":15},"end":{"line":25,"column":45}}]}},"s":{"0":0,"1":0,"2":0,"3":0,"4":0,"5":0,"6":0,"7":0,"8":0,"9":0,"10":0,"11":0,"12":0},"f":{"0":0,"1":0},"b":{"0":[0,0]}}
,"/home/alfred/Documents/meteor-redux-reddit/client/components/scenes/Login.tsx": {"path":"/home/alfred/Documents/meteor-redux-reddit/client/components/scenes/Login.tsx","statementMap":{"0":{"start":{"line":3,"column":0},"end":{"line":3,"column":31}},"1":{"start":{"line":5,"column":0},"end":{"line":5,"column":43}},"2":{"start":{"line":7,"column":0},"end":{"line":7,"column":78}},"3":{"start":{"line":9,"column":13},"end":{"line":14,"column":1}},"4":{"start":{"line":9,"column":27},"end":{"line":14,"column":1}}},"fnMap":{"0":{"name":"(anonymous_0)","decl":{"start":{"line":9,"column":21},"end":{"line":9,"column":26}},"loc":{"start":{"line":9,"column":21},"end":{"line":14,"column":1}}}},"branchMap":{},"s":{"0":0,"1":0,"2":0,"3":0,"4":0},"f":{"0":0},"b":{}}
,"/home/alfred/Documents/meteor-redux-reddit/client/components/scenes/PostDetail.tsx": {"path":"/home/alfred/Documents/meteor-redux-reddit/client/components/scenes/PostDetail.tsx","statementMap":{"0":{"start":{"line":1,"column":0},"end":{"line":1,"column":31}},"1":{"start":{"line":3,"column":0},"end":{"line":3,"column":82}},"2":{"start":{"line":4,"column":0},"end":{"line":4,"column":68}},"3":{"start":{"line":6,"column":0},"end":{"line":6,"column":45}},"4":{"start":{"line":8,"column":13},"end":{"line":8,"column":26}},"5":{"start":{"line":8,"column":50},"end":{"line":8,"column":56}},"6":{"start":{"line":8,"column":63},"end":{"line":null,"column":-1}}},"fnMap":{"0":{"name":"(anonymous_0)","decl":{"start":{"line":8,"column":47},"end":{"line":8,"column":47}},"loc":{"start":{"line":8,"column":48},"end":{"line":8,"column":26}}}},"branchMap":{},"s":{"0":0,"1":0,"2":0,"3":0,"4":0,"5":0,"6":0},"f":{"0":0},"b":{}}
,"/home/alfred/Documents/meteor-redux-reddit/client/components/scenes/SignUp.tsx": {"path":"/home/alfred/Documents/meteor-redux-reddit/client/components/scenes/SignUp.tsx","statementMap":{"0":{"start":{"line":1,"column":0},"end":{"line":1,"column":31}},"1":{"start":{"line":2,"column":0},"end":{"line":2,"column":43}},"2":{"start":{"line":4,"column":0},"end":{"line":4,"column":80}},"3":{"start":{"line":6,"column":13},"end":{"line":11,"column":1}},"4":{"start":{"line":6,"column":28},"end":{"line":11,"column":1}}},"fnMap":{"0":{"name":"(anonymous_0)","decl":{"start":{"line":6,"column":22},"end":{"line":6,"column":27}},"loc":{"start":{"line":6,"column":22},"end":{"line":11,"column":1}}}},"branchMap":{},"s":{"0":0,"1":0,"2":0,"3":0,"4":0},"f":{"0":0},"b":{}}
,"/home/alfred/Documents/meteor-redux-reddit/client/data/collections/actions.ts": {"path":"/home/alfred/Documents/meteor-redux-reddit/client/data/collections/actions.ts","statementMap":{"0":{"start":{"line":1,"column":0},"end":{"line":1,"column":50}},"1":{"start":{"line":3,"column":13},"end":{"line":9,"column":3}},"2":{"start":{"line":3,"column":76},"end":{"line":9,"column":2}}},"fnMap":{"0":{"name":"(anonymous_0)","decl":{"start":{"line":3,"column":30},"end":{"line":3,"column":39}},"loc":{"start":{"line":3,"column":71},"end":{"line":9,"column":2}}}},"branchMap":{},"s":{"0":1,"1":1,"2":0},"f":{"0":0},"b":{}}
,"/home/alfred/Documents/meteor-redux-reddit/client/data/collections/constants.ts": {"path":"/home/alfred/Documents/meteor-redux-reddit/client/data/collections/constants.ts","statementMap":{"0":{"start":{"line":1,"column":0},"end":{"line":3,"column":1}},"1":{"start":{"line":2,"column":4},"end":{"line":2,"column":49}}},"fnMap":{"0":{"name":"(anonymous_0)","decl":{"start":{"line":1,"column":0},"end":{"line":1,"column":11}},"loc":{"start":{"line":1,"column":32},"end":{"line":3,"column":1}}}},"branchMap":{"0":{"loc":{"start":{"line":1,"column":12},"end":{"line":1,"column":32}},"type":"binary-expr","locations":[{"start":{"line":1,"column":12},"end":{"line":1,"column":32}},{"start":{"line":1,"column":12},"end":{"line":1,"column":32}}]}},"s":{"0":2,"1":2},"f":{"0":2},"b":{"0":[2,2]}}
,"/home/alfred/Documents/meteor-redux-reddit/client/data/collections/reducer.ts": {"path":"/home/alfred/Documents/meteor-redux-reddit/client/data/collections/reducer.ts","statementMap":{"0":{"start":{"line":1,"column":0},"end":{"line":1,"column":36}},"1":{"start":{"line":2,"column":0},"end":{"line":2,"column":39}},"2":{"start":{"line":4,"column":0},"end":{"line":4,"column":50}},"3":{"start":{"line":6,"column":13},"end":{"line":10,"column":2}},"4":{"start":{"line":12,"column":13},"end":{"line":20,"column":2}},"5":{"start":{"line":15,"column":72},"end":{"line":18,"column":10}},"6":{"start":{"line":22,"column":13},"end":{"line":24,"column":3}}},"fnMap":{"0":{"name":"(anonymous_1)","decl":{"start":{"line":15,"column":53},"end":{"line":15,"column":53}},"loc":{"start":{"line":15,"column":67},"end":{"line":18,"column":10}}}},"branchMap":{},"s":{"0":1,"1":1,"2":1,"3":1,"4":1,"5":1,"6":1},"f":{"0":1},"b":{}}
,"/home/alfred/Documents/meteor-redux-reddit/client/data/collections/selectors.ts": {"path":"/home/alfred/Documents/meteor-redux-reddit/client/data/collections/selectors.ts","statementMap":{"0":{"start":{"line":1,"column":0},"end":{"line":1,"column":27}},"1":{"start":{"line":3,"column":0},"end":{"line":15,"column":1}},"2":{"start":{"line":5,"column":17},"end":{"line":6,"column":79}},"3":{"start":{"line":6,"column":8},"end":{"line":6,"column":78}},"4":{"start":{"line":6,"column":58},"end":{"line":6,"column":77}},"5":{"start":{"line":8,"column":17},"end":{"line":9,"column":85}},"6":{"start":{"line":9,"column":8},"end":{"line":9,"column":84}},"7":{"start":{"line":9,"column":53},"end":{"line":9,"column":66}},"8":{"start":{"line":11,"column":17},"end":{"line":13,"column":38}},"9":{"start":{"line":12,"column":8},"end":{"line":13,"column":37}},"10":{"start":{"line":12,"column":51},"end":{"line":12,"column":54}},"11":{"start":{"line":13,"column":12},"end":{"line":13,"column":36}}},"fnMap":{"0":{"name":"(anonymous_0)","decl":{"start":{"line":3,"column":0},"end":{"line":3,"column":13}},"loc":{"start":{"line":3,"column":23},"end":{"line":15,"column":1}}},"1":{"name":"(anonymous_1)","decl":{"start":{"line":5,"column":36},"end":{"line":5,"column":36}},"loc":{"start":{"line":5,"column":71},"end":{"line":6,"column":78}}},"2":{"name":"(anonymous_2)","decl":{"start":{"line":6,"column":51},"end":{"line":6,"column":51}},"loc":{"start":{"line":6,"column":53},"end":{"line":6,"column":77}}},"3":{"name":"(anonymous_3)","decl":{"start":{"line":8,"column":28},"end":{"line":8,"column":28}},"loc":{"start":{"line":8,"column":60},"end":{"line":9,"column":84}}},"4":{"name":"(anonymous_4)","decl":{"start":{"line":9,"column":46},"end":{"line":9,"column":46}},"loc":{"start":{"line":9,"column":48},"end":{"line":9,"column":66}}},"5":{"name":"(anonymous_5)","decl":{"start":{"line":11,"column":30},"end":{"line":11,"column":30}},"loc":{"start":{"line":11,"column":68},"end":{"line":13,"column":37}}},"6":{"name":"(anonymous_6)","decl":{"start":{"line":12,"column":48},"end":{"line":12,"column":48}},"loc":{"start":{"line":12,"column":56},"end":{"line":13,"column":36}}}},"branchMap":{"0":{"loc":{"start":{"line":9,"column":8},"end":{"line":9,"column":67}},"type":"binary-expr","locations":[{"start":{"line":9,"column":8},"end":{"line":9,"column":67}},{"start":{"line":9,"column":72},"end":{"line":9,"column":84}}]},"1":{"loc":{"start":{"line":3,"column":14},"end":{"line":3,"column":23}},"type":"binary-expr","locations":[{"start":{"line":3,"column":14},"end":{"line":3,"column":23}},{"start":{"line":3,"column":14},"end":{"line":3,"column":23}}]}},"s":{"0":1,"1":1,"2":1,"3":0,"4":0,"5":1,"6":0,"7":0,"8":1,"9":0,"10":0,"11":0},"f":{"0":1,"1":0,"2":0,"3":0,"4":0,"5":0,"6":0},"b":{"0":[0,0],"1":[1,1]}}
,"/home/alfred/Documents/meteor-redux-reddit/client/data/currentUser/actions.ts": {"path":"/home/alfred/Documents/meteor-redux-reddit/client/data/currentUser/actions.ts","statementMap":{"0":{"start":{"line":1,"column":0},"end":{"line":1,"column":53}},"1":{"start":{"line":3,"column":13},"end":{"line":14,"column":2}},"2":{"start":{"line":3,"column":33},"end":{"line":3,"column":43}},"3":{"start":{"line":3,"column":45},"end":{"line":3,"column":48}},"4":{"start":{"line":3,"column":50},"end":{"line":3,"column":54}},"5":{"start":{"line":3,"column":56},"end":{"line":3,"column":64}},"6":{"start":{"line":3,"column":66},"end":{"line":3,"column":72}},"7":{"start":{"line":3,"column":79},"end":{"line":null,"column":-1}}},"fnMap":{"0":{"name":"(anonymous_0)","decl":{"start":{"line":3,"column":30},"end":{"line":3,"column":30}},"loc":{"start":{"line":3,"column":31},"end":{"line":14,"column":2}}}},"branchMap":{},"s":{"0":0,"1":0,"2":0,"3":0,"4":0,"5":0,"6":0,"7":0},"f":{"0":0},"b":{}}
,"/home/alfred/Documents/meteor-redux-reddit/client/data/currentUser/constants.ts": {"path":"/home/alfred/Documents/meteor-redux-reddit/client/data/currentUser/constants.ts","statementMap":{"0":{"start":{"line":1,"column":0},"end":{"line":3,"column":1}},"1":{"start":{"line":2,"column":4},"end":{"line":2,"column":41}}},"fnMap":{"0":{"name":"(anonymous_0)","decl":{"start":{"line":1,"column":0},"end":{"line":1,"column":11}},"loc":{"start":{"line":1,"column":12},"end":{"line":3,"column":1}}}},"branchMap":{"0":{"loc":{"start":{"line":1,"column":12},"end":{"line":1,"column":34}},"type":"binary-expr","locations":[{"start":{"line":1,"column":12},"end":{"line":1,"column":34}},{"start":{"line":1,"column":12},"end":{"line":3,"column":1}}]}},"s":{"0":0,"1":0},"f":{"0":0},"b":{"0":[0,0]}}
,"/home/alfred/Documents/meteor-redux-reddit/client/data/currentUser/reducer.ts": {"path":"/home/alfred/Documents/meteor-redux-reddit/client/data/currentUser/reducer.ts","statementMap":{"0":{"start":{"line":1,"column":0},"end":{"line":1,"column":37}},"1":{"start":{"line":2,"column":0},"end":{"line":2,"column":53}},"2":{"start":{"line":4,"column":0},"end":{"line":4,"column":53}},"3":{"start":{"line":6,"column":40},"end":{"line":9,"column":14}},"4":{"start":{"line":12,"column":13},"end":{"line":12,"column":34}},"5":{"start":{"line":15,"column":70},"end":{"line":18,"column":10}}},"fnMap":{"0":{"name":"(anonymous_1)","decl":{"start":{"line":15,"column":51},"end":{"line":15,"column":51}},"loc":{"start":{"line":15,"column":59},"end":{"line":18,"column":10}}}},"branchMap":{},"s":{"0":0,"1":0,"2":0,"3":0,"4":0,"5":0},"f":{"0":0},"b":{}}
,"/home/alfred/Documents/meteor-redux-reddit/client/providers/Comments.ts": {"path":"/home/alfred/Documents/meteor-redux-reddit/client/providers/Comments.ts","statementMap":{"0":{"start":{"line":1,"column":0},"end":{"line":1,"column":55}},"1":{"start":{"line":2,"column":0},"end":{"line":2,"column":55}},"2":{"start":{"line":3,"column":0},"end":{"line":3,"column":38}},"3":{"start":{"line":5,"column":0},"end":{"line":28,"column":1}},"4":{"start":{"line":7,"column":38},"end":{"line":14,"column":5}},"5":{"start":{"line":7,"column":61},"end":{"line":7,"column":67}},"6":{"start":{"line":7,"column":69},"end":{"line":7,"column":77}},"7":{"start":{"line":8,"column":25},"end":{"line":8,"column":59}},"8":{"start":{"line":9,"column":8},"end":{"line":12,"column":15}},"9":{"start":{"line":16,"column":40},"end":{"line":22,"column":5}},"10":{"start":{"line":16,"column":43},"end":{"line":16,"column":49}},"11":{"start":{"line":16,"column":51},"end":{"line":16,"column":59}},"12":{"start":{"line":17,"column":22},"end":{"line":17,"column":74}},"13":{"start":{"line":18,"column":8},"end":{"line":20,"column":15}},"14":{"start":{"line":24,"column":17},"end":{"line":24,"column":48}},"15":{"start":{"line":26,"column":17},"end":{"line":26,"column":64}}},"fnMap":{"0":{"name":"(anonymous_2)","decl":{"start":{"line":5,"column":0},"end":{"line":5,"column":13}},"loc":{"start":{"line":5,"column":14},"end":{"line":28,"column":1}}},"1":{"name":"(anonymous_3)","decl":{"start":{"line":7,"column":38},"end":{"line":7,"column":38}},"loc":{"start":{"line":7,"column":59},"end":{"line":14,"column":5}}},"2":{"name":"(anonymous_4)","decl":{"start":{"line":16,"column":40},"end":{"line":16,"column":40}},"loc":{"start":{"line":16,"column":41},"end":{"line":22,"column":5}}}},"branchMap":{"0":{"loc":{"start":{"line":5,"column":14},"end":{"line":5,"column":23}},"type":"binary-expr","locations":[{"start":{"line":5,"column":14},"end":{"line":5,"column":23}},{"start":{"line":5,"column":14},"end":{"line":28,"column":1}}]}},"s":{"0":0,"1":0,"2":0,"3":0,"4":0,"5":0,"6":0,"7":0,"8":0,"9":0,"10":0,"11":0,"12":0,"13":0,"14":0,"15":0},"f":{"0":0,"1":0,"2":0},"b":{"0":[0,0]}}
,"/home/alfred/Documents/meteor-redux-reddit/client/providers/CurrentUser.ts": {"path":"/home/alfred/Documents/meteor-redux-reddit/client/providers/CurrentUser.ts","statementMap":{"0":{"start":{"line":1,"column":0},"end":{"line":1,"column":55}},"1":{"start":{"line":2,"column":0},"end":{"line":2,"column":38}},"2":{"start":{"line":4,"column":0},"end":{"line":30,"column":1}},"3":{"start":{"line":6,"column":33},"end":{"line":9,"column":6}},"4":{"start":{"line":6,"column":64},"end":{"line":9,"column":6}},"5":{"start":{"line":11,"column":34},"end":{"line":14,"column":6}},"6":{"start":{"line":11,"column":65},"end":{"line":14,"column":6}},"7":{"start":{"line":16,"column":35},"end":{"line":22,"column":5}},"8":{"start":{"line":17,"column":22},"end":{"line":17,"column":58}},"9":{"start":{"line":18,"column":8},"end":{"line":20,"column":15}},"10":{"start":{"line":24,"column":17},"end":{"line":24,"column":42}},"11":{"start":{"line":26,"column":17},"end":{"line":26,"column":43}},"12":{"start":{"line":28,"column":17},"end":{"line":28,"column":59}}},"fnMap":{"0":{"name":"(anonymous_1)","decl":{"start":{"line":4,"column":0},"end":{"line":4,"column":13}},"loc":{"start":{"line":4,"column":14},"end":{"line":30,"column":1}}},"1":{"name":"(anonymous_2)","decl":{"start":{"line":6,"column":33},"end":{"line":6,"column":33}},"loc":{"start":{"line":6,"column":54},"end":{"line":9,"column":6}}},"2":{"name":"(anonymous_3)","decl":{"start":{"line":11,"column":34},"end":{"line":11,"column":34}},"loc":{"start":{"line":11,"column":55},"end":{"line":14,"column":6}}},"3":{"name":"(anonymous_4)","decl":{"start":{"line":16,"column":35},"end":{"line":16,"column":35}},"loc":{"start":{"line":16,"column":36},"end":{"line":22,"column":5}}}},"branchMap":{"0":{"loc":{"start":{"line":4,"column":14},"end":{"line":4,"column":23}},"type":"binary-expr","locations":[{"start":{"line":4,"column":14},"end":{"line":4,"column":23}},{"start":{"line":4,"column":14},"end":{"line":30,"column":1}}]}},"s":{"0":0,"1":0,"2":0,"3":0,"4":0,"5":0,"6":0,"7":0,"8":0,"9":0,"10":0,"11":0,"12":0},"f":{"0":0,"1":0,"2":0,"3":0},"b":{"0":[0,0]}}
,"/home/alfred/Documents/meteor-redux-reddit/client/providers/Form.ts": {"path":"/home/alfred/Documents/meteor-redux-reddit/client/providers/Form.ts","statementMap":{"0":{"start":{"line":1,"column":0},"end":{"line":1,"column":37}},"1":{"start":{"line":2,"column":0},"end":{"line":2,"column":28}},"2":{"start":{"line":3,"column":0},"end":{"line":3,"column":56}},"3":{"start":{"line":4,"column":0},"end":{"line":4,"column":40}},"4":{"start":{"line":7,"column":0},"end":{"line":96,"column":1}},"5":{"start":{"line":9,"column":30},"end":{"line":17,"column":18}},"6":{"start":{"line":21,"column":17},"end":{"line":24,"column":38}},"7":{"start":{"line":23,"column":27},"end":{"line":23,"column":35}},"8":{"start":{"line":23,"column":37},"end":{"line":23,"column":45}},"9":{"start":{"line":23,"column":52},"end":{"line":23,"column":102}},"10":{"start":{"line":23,"column":52},"end":{"line":23,"column":105}},"11":{"start":{"line":27,"column":25},"end":{"line":27,"column":50}},"12":{"start":{"line":34,"column":31},"end":{"line":34,"column":51}},"13":{"start":{"line":42,"column":17},"end":{"line":42,"column":34}},"14":{"start":{"line":44,"column":27},"end":{"line":44,"column":35}},"15":{"start":{"line":44,"column":37},"end":{"line":44,"column":45}},"16":{"start":{"line":46,"column":16},"end":{"line":46,"column":59}},"17":{"start":{"line":46,"column":16},"end":{"line":46,"column":62}},"18":{"start":{"line":48,"column":16},"end":{"line":48,"column":42}},"19":{"start":{"line":51,"column":21},"end":{"line":51,"column":29}},"20":{"start":{"line":51,"column":31},"end":{"line":51,"column":45}},"21":{"start":{"line":51,"column":47},"end":{"line":51,"column":55}},"22":{"start":{"line":52,"column":25},"end":{"line":52,"column":80}},"23":{"start":{"line":53,"column":28},"end":{"line":53,"column":50}},"24":{"start":{"line":54,"column":12},"end":{"line":58,"column":13}},"25":{"start":{"line":55,"column":16},"end":{"line":56,"column":36}},"26":{"start":{"line":59,"column":12},"end":{"line":59,"column":19}},"27":{"start":{"line":63,"column":30},"end":{"line":72,"column":18}},"28":{"start":{"line":81,"column":17},"end":{"line":93,"column":38}},"29":{"start":{"line":83,"column":21},"end":{"line":83,"column":25}},"30":{"start":{"line":83,"column":27},"end":{"line":83,"column":32}},"31":{"start":{"line":83,"column":39},"end":{"line":null,"column":-1}},"32":{"start":{"line":84,"column":12},"end":{"line":91,"column":13}},"33":{"start":{"line":85,"column":32},"end":{"line":85,"column":42}},"34":{"start":{"line":86,"column":16},"end":{"line":90,"column":17}},"35":{"start":{"line":87,"column":20},"end":{"line":87,"column":28}},"36":{"start":{"line":89,"column":20},"end":{"line":89,"column":47}}},"fnMap":{"0":{"name":"(anonymous_12)","decl":{"start":{"line":7,"column":0},"end":{"line":7,"column":13}},"loc":{"start":{"line":7,"column":14},"end":{"line":96,"column":1}}},"1":{"name":"(anonymous_13)","decl":{"start":{"line":23,"column":18},"end":{"line":23,"column":24}},"loc":{"start":{"line":23,"column":25},"end":{"line":21,"column":71}}},"2":{"name":"(anonymous_16)","decl":{"start":{"line":44,"column":18},"end":{"line":44,"column":24}},"loc":{"start":{"line":44,"column":25},"end":{"line":42,"column":78}}},"3":{"name":"(anonymous_19)","decl":{"start":{"line":51,"column":18},"end":{"line":51,"column":18}},"loc":{"start":{"line":51,"column":19},"end":{"line":60,"column":9}}},"4":{"name":"(anonymous_20)","decl":{"start":{"line":83,"column":18},"end":{"line":83,"column":18}},"loc":{"start":{"line":83,"column":19},"end":{"line":81,"column":63}}},"5":{"name":"(anonymous_21)","decl":{"start":{"line":83,"column":51},"end":{"line":83,"column":51}},"loc":{"start":{"line":83,"column":61},"end":{"line":83,"column":39}}},"6":{"name":"(anonymous_22)","decl":{"start":{"line":84,"column":53},"end":{"line":84,"column":53}},"loc":{"start":{"line":84,"column":59},"end":{"line":91,"column":13}}}},"branchMap":{"0":{"loc":{"start":{"line":54,"column":12},"end":{"line":58,"column":13}},"type":"if","locations":[{"start":{"line":54,"column":12},"end":{"line":58,"column":13}},{"start":{"line":54,"column":12},"end":{"line":58,"column":13}}]},"1":{"loc":{"start":{"line":54,"column":16},"end":{"line":54,"column":17}},"type":"binary-expr","locations":[{"start":{"line":54,"column":16},"end":{"line":54,"column":17}},{"start":{"line":54,"column":28},"end":{"line":54,"column":41}}]},"2":{"loc":{"start":{"line":85,"column":32},"end":{"line":85,"column":33}},"type":"binary-expr","locations":[{"start":{"line":85,"column":32},"end":{"line":85,"column":33}},{"start":{"line":85,"column":40},"end":{"line":85,"column":42}}]},"3":{"loc":{"start":{"line":86,"column":16},"end":{"line":90,"column":17}},"type":"if","locations":[{"start":{"line":86,"column":16},"end":{"line":90,"column":17}},{"start":{"line":86,"column":16},"end":{"line":90,"column":17}}]},"4":{"loc":{"start":{"line":7,"column":14},"end":{"line":7,"column":23}},"type":"binary-expr","locations":[{"start":{"line":7,"column":14},"end":{"line":7,"column":23}},{"start":{"line":7,"column":14},"end":{"line":96,"column":1}}]}},"s":{"0":0,"1":0,"2":0,"3":0,"4":0,"5":0,"6":0,"7":0,"8":0,"9":0,"10":0,"11":0,"12":0,"13":0,"14":0,"15":0,"16":0,"17":0,"18":0,"19":0,"20":0,"21":0,"22":0,"23":0,"24":0,"25":0,"26":0,"27":0,"28":0,"29":0,"30":0,"31":0,"32":0,"33":0,"34":0,"35":0,"36":0},"f":{"0":0,"1":0,"2":0,"3":0,"4":0,"5":0,"6":0},"b":{"0":[0,0],"1":[0,0],"2":[0,0],"3":[0,0],"4":[0,0]}}
,"/home/alfred/Documents/meteor-redux-reddit/client/providers/Loading.ts": {"path":"/home/alfred/Documents/meteor-redux-reddit/client/providers/Loading.ts","statementMap":{"0":{"start":{"line":1,"column":0},"end":{"line":1,"column":68}},"1":{"start":{"line":2,"column":0},"end":{"line":2,"column":71}},"2":{"start":{"line":4,"column":0},"end":{"line":15,"column":1}},"3":{"start":{"line":9,"column":17},"end":{"line":13,"column":9}},"4":{"start":{"line":10,"column":45},"end":{"line":13,"column":9}}},"fnMap":{"0":{"name":"(anonymous_0)","decl":{"start":{"line":4,"column":0},"end":{"line":4,"column":13}},"loc":{"start":{"line":4,"column":14},"end":{"line":15,"column":1}}},"1":{"name":"(anonymous_1)","decl":{"start":{"line":10,"column":10},"end":{"line":10,"column":10}},"loc":{"start":{"line":10,"column":11},"end":{"line":13,"column":9}}}},"branchMap":{"0":{"loc":{"start":{"line":4,"column":14},"end":{"line":4,"column":23}},"type":"binary-expr","locations":[{"start":{"line":4,"column":14},"end":{"line":4,"column":23}},{"start":{"line":4,"column":14},"end":{"line":15,"column":1}}]}},"s":{"0":0,"1":0,"2":0,"3":0,"4":0},"f":{"0":0,"1":0},"b":{"0":[0,0]}}
,"/home/alfred/Documents/meteor-redux-reddit/client/providers/Posts.ts": {"path":"/home/alfred/Documents/meteor-redux-reddit/client/providers/Posts.ts","statementMap":{"0":{"start":{"line":1,"column":0},"end":{"line":1,"column":27}},"1":{"start":{"line":2,"column":0},"end":{"line":2,"column":37}},"2":{"start":{"line":4,"column":0},"end":{"line":4,"column":54}},"3":{"start":{"line":6,"column":0},"end":{"line":6,"column":54}},"4":{"start":{"line":8,"column":0},"end":{"line":83,"column":1}},"5":{"start":{"line":10,"column":34},"end":{"line":16,"column":5}},"6":{"start":{"line":10,"column":55},"end":{"line":10,"column":62}},"7":{"start":{"line":10,"column":55},"end":{"line":10,"column":63}},"8":{"start":{"line":11,"column":22},"end":{"line":11,"column":51}},"9":{"start":{"line":12,"column":8},"end":{"line":15,"column":10}},"10":{"start":{"line":13,"column":37},"end":{"line":13,"column":40}},"11":{"start":{"line":13,"column":47},"end":{"line":13,"column":50}},"12":{"start":{"line":18,"column":31},"end":{"line":28,"column":5}},"13":{"start":{"line":18,"column":54},"end":{"line":18,"column":60}},"14":{"start":{"line":18,"column":62},"end":{"line":18,"column":70}},"15":{"start":{"line":19,"column":21},"end":{"line":19,"column":54}},"16":{"start":{"line":20,"column":8},"end":{"line":27,"column":10}},"17":{"start":{"line":30,"column":33},"end":{"line":40,"column":5}},"18":{"start":{"line":30,"column":56},"end":{"line":30,"column":63}},"19":{"start":{"line":30,"column":65},"end":{"line":30,"column":73}},"20":{"start":{"line":31,"column":22},"end":{"line":31,"column":58}},"21":{"start":{"line":32,"column":8},"end":{"line":39,"column":10}},"22":{"start":{"line":35,"column":39},"end":{"line":38,"column":14}},"23":{"start":{"line":42,"column":32},"end":{"line":48,"column":5}},"24":{"start":{"line":43,"column":22},"end":{"line":43,"column":59}},"25":{"start":{"line":44,"column":8},"end":{"line":47,"column":10}},"26":{"start":{"line":50,"column":32},"end":{"line":58,"column":5}},"27":{"start":{"line":50,"column":35},"end":{"line":50,"column":41}},"28":{"start":{"line":50,"column":43},"end":{"line":50,"column":51}},"29":{"start":{"line":51,"column":27},"end":{"line":51,"column":83}},"30":{"start":{"line":52,"column":30},"end":{"line":52,"column":89}},"31":{"start":{"line":53,"column":8},"end":{"line":57,"column":10}},"32":{"start":{"line":60,"column":34},"end":{"line":69,"column":5}},"33":{"start":{"line":60,"column":37},"end":{"line":60,"column":44}},"34":{"start":{"line":60,"column":46},"end":{"line":60,"column":54}},"35":{"start":{"line":61,"column":27},"end":{"line":61,"column":80}},"36":{"start":{"line":62,"column":30},"end":{"line":63,"column":64}},"37":{"start":{"line":63,"column":12},"end":{"line":63,"column":63}},"38":{"start":{"line":64,"column":8},"end":{"line":68,"column":10}},"39":{"start":{"line":71,"column":17},"end":{"line":71,"column":65}},"40":{"start":{"line":73,"column":17},"end":{"line":73,"column":60}},"41":{"start":{"line":75,"column":17},"end":{"line":75,"column":64}},"42":{"start":{"line":77,"column":17},"end":{"line":77,"column":78}},"43":{"start":{"line":79,"column":17},"end":{"line":79,"column":77}},"44":{"start":{"line":81,"column":17},"end":{"line":81,"column":81}}},"fnMap":{"0":{"name":"(anonymous_2)","decl":{"start":{"line":8,"column":0},"end":{"line":8,"column":13}},"loc":{"start":{"line":8,"column":23},"end":{"line":83,"column":1}}},"1":{"name":"(anonymous_3)","decl":{"start":{"line":10,"column":34},"end":{"line":10,"column":34}},"loc":{"start":{"line":10,"column":53},"end":{"line":16,"column":5}}},"2":{"name":"(anonymous_4)","decl":{"start":{"line":13,"column":34},"end":{"line":13,"column":34}},"loc":{"start":{"line":13,"column":42},"end":{"line":13,"column":50}}},"3":{"name":"(anonymous_5)","decl":{"start":{"line":18,"column":31},"end":{"line":18,"column":31}},"loc":{"start":{"line":18,"column":72},"end":{"line":28,"column":5}}},"4":{"name":"(anonymous_6)","decl":{"start":{"line":30,"column":33},"end":{"line":30,"column":33}},"loc":{"start":{"line":30,"column":75},"end":{"line":40,"column":5}}},"5":{"name":"(anonymous_7)","decl":{"start":{"line":35,"column":32},"end":{"line":35,"column":32}},"loc":{"start":{"line":35,"column":34},"end":{"line":38,"column":14}}},"6":{"name":"(anonymous_8)","decl":{"start":{"line":42,"column":32},"end":{"line":42,"column":32}},"loc":{"start":{"line":42,"column":38},"end":{"line":48,"column":5}}},"7":{"name":"(anonymous_9)","decl":{"start":{"line":50,"column":32},"end":{"line":50,"column":32}},"loc":{"start":{"line":50,"column":53},"end":{"line":58,"column":5}}},"8":{"name":"(anonymous_10)","decl":{"start":{"line":60,"column":34},"end":{"line":60,"column":34}},"loc":{"start":{"line":60,"column":56},"end":{"line":69,"column":5}}},"9":{"name":"(anonymous_11)","decl":{"start":{"line":62,"column":45},"end":{"line":62,"column":45}},"loc":{"start":{"line":62,"column":52},"end":{"line":63,"column":63}}}},"branchMap":{"0":{"loc":{"start":{"line":55,"column":19},"end":{"line":55,"column":29}},"type":"binary-expr","locations":[{"start":{"line":55,"column":19},"end":{"line":55,"column":29}},{"start":{"line":55,"column":33},"end":{"line":55,"column":46}}]},"1":{"loc":{"start":{"line":66,"column":19},"end":{"line":66,"column":29}},"type":"binary-expr","locations":[{"start":{"line":66,"column":19},"end":{"line":66,"column":29}},{"start":{"line":66,"column":33},"end":{"line":66,"column":46}}]},"2":{"loc":{"start":{"line":8,"column":14},"end":{"line":8,"column":23}},"type":"binary-expr","locations":[{"start":{"line":8,"column":14},"end":{"line":8,"column":23}},{"start":{"line":8,"column":14},"end":{"line":8,"column":23}}]}},"s":{"0":1,"1":1,"2":1,"3":1,"4":1,"5":1,"6":0,"7":0,"8":0,"9":0,"10":0,"11":0,"12":1,"13":0,"14":0,"15":0,"16":0,"17":1,"18":0,"19":0,"20":0,"21":0,"22":0,"23":1,"24":0,"25":0,"26":1,"27":0,"28":0,"29":0,"30":0,"31":0,"32":1,"33":0,"34":0,"35":0,"36":0,"37":0,"38":0,"39":1,"40":1,"41":1,"42":1,"43":1,"44":1},"f":{"0":1,"1":0,"2":0,"3":0,"4":0,"5":0,"6":0,"7":0,"8":0,"9":0},"b":{"0":[0,0],"1":[0,0],"2":[1,1]}}
,"/home/alfred/Documents/meteor-redux-reddit/client/providers/Router.ts": {"path":"/home/alfred/Documents/meteor-redux-reddit/client/providers/Router.ts","statementMap":{"0":{"start":{"line":1,"column":0},"end":{"line":1,"column":38}},"1":{"start":{"line":3,"column":0},"end":{"line":22,"column":1}},"2":{"start":{"line":5,"column":31},"end":{"line":8,"column":6}},"3":{"start":{"line":5,"column":62},"end":{"line":8,"column":6}},"4":{"start":{"line":10,"column":29},"end":{"line":16,"column":5}},"5":{"start":{"line":11,"column":23},"end":{"line":11,"column":65}},"6":{"start":{"line":12,"column":8},"end":{"line":14,"column":18}},"7":{"start":{"line":18,"column":17},"end":{"line":18,"column":40}},"8":{"start":{"line":20,"column":17},"end":{"line":20,"column":38}}},"fnMap":{"0":{"name":"(anonymous_1)","decl":{"start":{"line":3,"column":0},"end":{"line":3,"column":13}},"loc":{"start":{"line":3,"column":14},"end":{"line":22,"column":1}}},"1":{"name":"(anonymous_2)","decl":{"start":{"line":5,"column":31},"end":{"line":5,"column":31}},"loc":{"start":{"line":5,"column":52},"end":{"line":8,"column":6}}},"2":{"name":"(anonymous_3)","decl":{"start":{"line":10,"column":29},"end":{"line":10,"column":29}},"loc":{"start":{"line":10,"column":50},"end":{"line":16,"column":5}}}},"branchMap":{"0":{"loc":{"start":{"line":3,"column":14},"end":{"line":3,"column":23}},"type":"binary-expr","locations":[{"start":{"line":3,"column":14},"end":{"line":3,"column":23}},{"start":{"line":3,"column":14},"end":{"line":22,"column":1}}]}},"s":{"0":0,"1":0,"2":0,"3":0,"4":0,"5":0,"6":0,"7":0,"8":0},"f":{"0":0,"1":0,"2":0},"b":{"0":[0,0]}}
,"/home/alfred/Documents/meteor-redux-reddit/client/services/LocalStorage.ts": {"path":"/home/alfred/Documents/meteor-redux-reddit/client/services/LocalStorage.ts","statementMap":{"0":{"start":{"line":1,"column":0},"end":{"line":1,"column":28}},"1":{"start":{"line":4,"column":0},"end":{"line":21,"column":1}},"2":{"start":{"line":6,"column":17},"end":{"line":19,"column":5}},"3":{"start":{"line":7,"column":23},"end":{"line":7,"column":44}},"4":{"start":{"line":8,"column":8},"end":{"line":18,"column":9}},"5":{"start":{"line":9,"column":12},"end":{"line":9,"column":30}},"6":{"start":{"line":11,"column":30},"end":{"line":14,"column":28}},"7":{"start":{"line":16,"column":12},"end":{"line":16,"column":58}},"8":{"start":{"line":17,"column":12},"end":{"line":17,"column":19}}},"fnMap":{"0":{"name":"(anonymous_0)","decl":{"start":{"line":4,"column":0},"end":{"line":4,"column":13}},"loc":{"start":{"line":4,"column":14},"end":{"line":21,"column":1}}},"1":{"name":"(anonymous_1)","decl":{"start":{"line":6,"column":29},"end":{"line":null,"column":-1}},"loc":{"start":{"line":6,"column":29},"end":{"line":19,"column":5}}}},"branchMap":{"0":{"loc":{"start":{"line":8,"column":8},"end":{"line":18,"column":9}},"type":"if","locations":[{"start":{"line":8,"column":8},"end":{"line":18,"column":9}},{"start":{"line":8,"column":8},"end":{"line":18,"column":9}}]},"1":{"loc":{"start":{"line":4,"column":14},"end":{"line":4,"column":26}},"type":"binary-expr","locations":[{"start":{"line":4,"column":14},"end":{"line":4,"column":26}},{"start":{"line":4,"column":14},"end":{"line":21,"column":1}}]}},"s":{"0":0,"1":0,"2":0,"3":0,"4":0,"5":0,"6":0,"7":0,"8":0},"f":{"0":0,"1":0},"b":{"0":[0,0],"1":[0,0]}}
,"/home/alfred/Documents/meteor-redux-reddit/client/services/Minimongo.ts": {"path":"/home/alfred/Documents/meteor-redux-reddit/client/services/Minimongo.ts","statementMap":{"0":{"start":{"line":1,"column":0},"end":{"line":1,"column":41}},"1":{"start":{"line":3,"column":0},"end":{"line":3,"column":58}},"2":{"start":{"line":4,"column":0},"end":{"line":4,"column":58}},"3":{"start":{"line":6,"column":0},"end":{"line":27,"column":1}},"4":{"start":{"line":8,"column":17},"end":{"line":12,"column":5}},"5":{"start":{"line":9,"column":8},"end":{"line":11,"column":9}},"6":{"start":{"line":10,"column":12},"end":{"line":10,"column":42}},"7":{"start":{"line":14,"column":17},"end":{"line":25,"column":5}},"8":{"start":{"line":15,"column":8},"end":{"line":24,"column":9}},"9":{"start":{"line":16,"column":25},"end":{"line":16,"column":32}},"10":{"start":{"line":17,"column":12},"end":{"line":22,"column":51}}},"fnMap":{"0":{"name":"(anonymous_0)","decl":{"start":{"line":6,"column":0},"end":{"line":6,"column":13}},"loc":{"start":{"line":6,"column":14},"end":{"line":27,"column":1}}},"1":{"name":"(anonymous_1)","decl":{"start":{"line":8,"column":37},"end":{"line":8,"column":37}},"loc":{"start":{"line":8,"column":50},"end":{"line":12,"column":5}}},"2":{"name":"(anonymous_2)","decl":{"start":{"line":9,"column":24},"end":{"line":null,"column":-1}},"loc":{"start":{"line":9,"column":24},"end":{"line":11,"column":9}}},"3":{"name":"(anonymous_3)","decl":{"start":{"line":14,"column":39},"end":{"line":14,"column":39}},"loc":{"start":{"line":14,"column":40},"end":{"line":25,"column":5}}},"4":{"name":"(anonymous_4)","decl":{"start":{"line":15,"column":24},"end":{"line":null,"column":-1}},"loc":{"start":{"line":15,"column":24},"end":{"line":24,"column":9}}}},"branchMap":{"0":{"loc":{"start":{"line":18,"column":30},"end":{"line":18,"column":35}},"type":"cond-expr","locations":[{"start":{"line":18,"column":30},"end":{"line":18,"column":35}},{"start":{"line":18,"column":41},"end":{"line":null,"column":-1}}]},"1":{"loc":{"start":{"line":22,"column":35},"end":{"line":22,"column":40}},"type":"cond-expr","locations":[{"start":{"line":22,"column":35},"end":{"line":22,"column":40}},{"start":{"line":22,"column":51},"end":{"line":null,"column":-1}}]},"2":{"loc":{"start":{"line":6,"column":14},"end":{"line":6,"column":23}},"type":"binary-expr","locations":[{"start":{"line":6,"column":14},"end":{"line":6,"column":23}},{"start":{"line":6,"column":14},"end":{"line":27,"column":1}}]}},"s":{"0":0,"1":0,"2":0,"3":0,"4":0,"5":0,"6":0,"7":0,"8":0,"9":0,"10":0},"f":{"0":0,"1":0,"2":0,"3":0,"4":0},"b":{"0":[0,0],"1":[0,0],"2":[0,0]}}
,"/home/alfred/Documents/meteor-redux-reddit/lib/Comments.ts": {"path":"/home/alfred/Documents/meteor-redux-reddit/lib/Comments.ts","statementMap":{"0":{"start":{"line":1,"column":0},"end":{"line":1,"column":37}},"1":{"start":{"line":2,"column":0},"end":{"line":2,"column":39}},"2":{"start":{"line":4,"column":0},"end":{"line":4,"column":31}},"3":{"start":{"line":7,"column":0},"end":{"line":31,"column":1}},"4":{"start":{"line":9,"column":17},"end":{"line":9,"column":61}},"5":{"start":{"line":11,"column":17},"end":{"line":16,"column":6}},"6":{"start":{"line":11,"column":65},"end":{"line":11,"column":76}},"7":{"start":{"line":18,"column":17},"end":{"line":22,"column":19}},"8":{"start":{"line":18,"column":43},"end":{"line":18,"column":60}},"9":{"start":{"line":24,"column":17},"end":{"line":24,"column":65}},"10":{"start":{"line":24,"column":43},"end":{"line":24,"column":65}},"11":{"start":{"line":26,"column":17},"end":{"line":26,"column":52}},"12":{"start":{"line":26,"column":31},"end":{"line":26,"column":52}},"13":{"start":{"line":28,"column":17},"end":{"line":29,"column":57}},"14":{"start":{"line":29,"column":8},"end":{"line":null,"column":-1}}},"fnMap":{"0":{"name":"(anonymous_0)","decl":{"start":{"line":7,"column":0},"end":{"line":7,"column":13}},"loc":{"start":{"line":7,"column":14},"end":{"line":31,"column":1}}},"1":{"name":"(anonymous_1)","decl":{"start":{"line":11,"column":64},"end":{"line":11,"column":64}},"loc":{"start":{"line":11,"column":65},"end":{"line":16,"column":6}}},"2":{"name":"(anonymous_2)","decl":{"start":{"line":18,"column":26},"end":{"line":18,"column":26}},"loc":{"start":{"line":18,"column":43},"end":{"line":22,"column":19}}},"3":{"name":"(anonymous_3)","decl":{"start":{"line":24,"column":26},"end":{"line":24,"column":26}},"loc":{"start":{"line":24,"column":27},"end":{"line":24,"column":65}}},"4":{"name":"(anonymous_4)","decl":{"start":{"line":26,"column":25},"end":{"line":26,"column":30}},"loc":{"start":{"line":26,"column":25},"end":{"line":26,"column":52}}},"5":{"name":"(anonymous_5)","decl":{"start":{"line":28,"column":23},"end":{"line":28,"column":23}},"loc":{"start":{"line":28,"column":51},"end":{"line":29,"column":57}}}},"branchMap":{"0":{"loc":{"start":{"line":14,"column":16},"end":{"line":14,"column":25}},"type":"binary-expr","locations":[{"start":{"line":14,"column":16},"end":{"line":14,"column":25}},{"start":{"line":14,"column":26},"end":{"line":14,"column":33}}]},"1":{"loc":{"start":{"line":29,"column":24},"end":{"line":29,"column":35}},"type":"binary-expr","locations":[{"start":{"line":29,"column":24},"end":{"line":29,"column":35}},{"start":{"line":29,"column":36},"end":{"line":29,"column":39}}]},"2":{"loc":{"start":{"line":7,"column":14},"end":{"line":7,"column":22}},"type":"binary-expr","locations":[{"start":{"line":7,"column":14},"end":{"line":7,"column":22}},{"start":{"line":7,"column":14},"end":{"line":31,"column":1}}]}},"s":{"0":0,"1":0,"2":0,"3":0,"4":0,"5":0,"6":0,"7":0,"8":0,"9":0,"10":0,"11":0,"12":0,"13":0,"14":0},"f":{"0":0,"1":0,"2":0,"3":0,"4":0,"5":0},"b":{"0":[0,0],"1":[0,0],"2":[0,0]}}
,"/home/alfred/Documents/meteor-redux-reddit/lib/Posts.ts": {"path":"/home/alfred/Documents/meteor-redux-reddit/lib/Posts.ts","statementMap":{"0":{"start":{"line":1,"column":0},"end":{"line":1,"column":37}},"1":{"start":{"line":2,"column":0},"end":{"line":2,"column":39}},"2":{"start":{"line":4,"column":0},"end":{"line":4,"column":31}},"3":{"start":{"line":5,"column":0},"end":{"line":5,"column":28}},"4":{"start":{"line":7,"column":0},"end":{"line":33,"column":1}},"5":{"start":{"line":9,"column":17},"end":{"line":9,"column":58}},"6":{"start":{"line":11,"column":17},"end":{"line":17,"column":6}},"7":{"start":{"line":11,"column":43},"end":{"line":11,"column":49}},"8":{"start":{"line":19,"column":17},"end":{"line":24,"column":16}},"9":{"start":{"line":19,"column":42},"end":{"line":19,"column":59}},"10":{"start":{"line":26,"column":17},"end":{"line":26,"column":65}},"11":{"start":{"line":26,"column":43},"end":{"line":26,"column":65}},"12":{"start":{"line":28,"column":17},"end":{"line":28,"column":52}},"13":{"start":{"line":28,"column":31},"end":{"line":28,"column":52}},"14":{"start":{"line":30,"column":17},"end":{"line":31,"column":57}},"15":{"start":{"line":31,"column":8},"end":{"line":null,"column":-1}}},"fnMap":{"0":{"name":"(anonymous_0)","decl":{"start":{"line":7,"column":0},"end":{"line":7,"column":13}},"loc":{"start":{"line":7,"column":14},"end":{"line":33,"column":1}}},"1":{"name":"(anonymous_1)","decl":{"start":{"line":11,"column":43},"end":{"line":null,"column":-1}},"loc":{"start":{"line":11,"column":43},"end":{"line":17,"column":6}}},"2":{"name":"(anonymous_2)","decl":{"start":{"line":19,"column":26},"end":{"line":19,"column":26}},"loc":{"start":{"line":19,"column":42},"end":{"line":24,"column":16}}},"3":{"name":"(anonymous_3)","decl":{"start":{"line":26,"column":26},"end":{"line":26,"column":26}},"loc":{"start":{"line":26,"column":27},"end":{"line":26,"column":65}}},"4":{"name":"(anonymous_4)","decl":{"start":{"line":28,"column":25},"end":{"line":28,"column":30}},"loc":{"start":{"line":28,"column":25},"end":{"line":28,"column":52}}},"5":{"name":"(anonymous_5)","decl":{"start":{"line":30,"column":23},"end":{"line":30,"column":23}},"loc":{"start":{"line":30,"column":51},"end":{"line":31,"column":57}}}},"branchMap":{"0":{"loc":{"start":{"line":31,"column":24},"end":{"line":31,"column":35}},"type":"binary-expr","locations":[{"start":{"line":31,"column":24},"end":{"line":31,"column":35}},{"start":{"line":31,"column":36},"end":{"line":31,"column":39}}]},"1":{"loc":{"start":{"line":7,"column":14},"end":{"line":7,"column":19}},"type":"binary-expr","locations":[{"start":{"line":7,"column":14},"end":{"line":7,"column":19}},{"start":{"line":7,"column":14},"end":{"line":33,"column":1}}]}},"s":{"0":0,"1":0,"2":0,"3":0,"4":0,"5":0,"6":0,"7":0,"8":0,"9":0,"10":0,"11":0,"12":0,"13":0,"14":0,"15":0},"f":{"0":0,"1":0,"2":0,"3":0,"4":0,"5":0},"b":{"0":[0,0],"1":[0,0]}}
,"/home/alfred/Documents/meteor-redux-reddit/lib/api.ts": {"path":"/home/alfred/Documents/meteor-redux-reddit/lib/api.ts","statementMap":{"0":{"start":{"line":1,"column":0},"end":{"line":1,"column":38}},"1":{"start":{"line":2,"column":0},"end":{"line":2,"column":32}},"2":{"start":{"line":4,"column":0},"end":{"line":10,"column":26}}},"fnMap":{},"branchMap":{},"s":{"0":0,"1":0,"2":0},"f":{},"b":{}}
,"/home/alfred/Documents/meteor-redux-reddit/server/main.ts": {"path":"/home/alfred/Documents/meteor-redux-reddit/server/main.ts","statementMap":{"0":{"start":{"line":3,"column":0},"end":{"line":3,"column":48}},"1":{"start":{"line":4,"column":0},"end":{"line":4,"column":39}},"2":{"start":{"line":6,"column":0},"end":{"line":6,"column":17}},"3":{"start":{"line":7,"column":0},"end":{"line":7,"column":40}},"4":{"start":{"line":8,"column":0},"end":{"line":8,"column":34}},"5":{"start":{"line":10,"column":0},"end":{"line":35,"column":1}},"6":{"start":{"line":12,"column":4},"end":{"line":12,"column":24}},"7":{"start":{"line":13,"column":4},"end":{"line":13,"column":55}},"8":{"start":{"line":15,"column":4},"end":{"line":17,"column":5}},"9":{"start":{"line":16,"column":8},"end":{"line":16,"column":55}},"10":{"start":{"line":19,"column":4},"end":{"line":21,"column":5}},"11":{"start":{"line":20,"column":8},"end":{"line":20,"column":32}},"12":{"start":{"line":23,"column":4},"end":{"line":25,"column":5}},"13":{"start":{"line":23,"column":46},"end":{"line":23,"column":49}},"14":{"start":{"line":24,"column":8},"end":{"line":24,"column":42}},"15":{"start":{"line":27,"column":4},"end":{"line":29,"column":5}},"16":{"start":{"line":27,"column":47},"end":{"line":27,"column":54}},"17":{"start":{"line":28,"column":8},"end":{"line":28,"column":51}},"18":{"start":{"line":31,"column":4},"end":{"line":33,"column":5}},"19":{"start":{"line":31,"column":54},"end":{"line":31,"column":65}},"20":{"start":{"line":32,"column":8},"end":{"line":32,"column":48}}},"fnMap":{"0":{"name":"(anonymous_0)","decl":{"start":{"line":10,"column":15},"end":{"line":null,"column":-1}},"loc":{"start":{"line":10,"column":15},"end":{"line":35,"column":1}}},"1":{"name":"(anonymous_1)","decl":{"start":{"line":15,"column":38},"end":{"line":null,"column":-1}},"loc":{"start":{"line":15,"column":38},"end":{"line":17,"column":5}}},"2":{"name":"(anonymous_2)","decl":{"start":{"line":19,"column":32},"end":{"line":null,"column":-1}},"loc":{"start":{"line":19,"column":32},"end":{"line":21,"column":5}}},"3":{"name":"(anonymous_3)","decl":{"start":{"line":23,"column":34},"end":{"line":23,"column":43}},"loc":{"start":{"line":23,"column":44},"end":{"line":25,"column":5}}},"4":{"name":"(anonymous_4)","decl":{"start":{"line":27,"column":35},"end":{"line":27,"column":44}},"loc":{"start":{"line":27,"column":45},"end":{"line":29,"column":5}}},"5":{"name":"(anonymous_5)","decl":{"start":{"line":31,"column":42},"end":{"line":31,"column":51}},"loc":{"start":{"line":31,"column":52},"end":{"line":33,"column":5}}}},"branchMap":{"0":{"loc":{"start":{"line":16,"column":40},"end":{"line":16,"column":45}},"type":"binary-expr","locations":[{"start":{"line":16,"column":40},"end":{"line":16,"column":45}},{"start":{"line":16,"column":55},"end":{"line":null,"column":-1}}]},"1":{"loc":{"start":{"line":31,"column":54},"end":{"line":31,"column":64}},"type":"cond-expr","locations":[{"start":{"line":31,"column":54},"end":{"line":31,"column":64}},{"start":{"line":31,"column":65},"end":{"line":null,"column":-1}}]}},"s":{"0":0,"1":0,"2":0,"3":0,"4":0,"5":0,"6":0,"7":0,"8":0,"9":0,"10":0,"11":0,"12":0,"13":0,"14":0,"15":0,"16":0,"17":0,"18":0,"19":0,"20":0},"f":{"0":0,"1":0,"2":0,"3":0,"4":0,"5":0},"b":{"0":[0,0],"1":[0,0]}}
,"/home/alfred/Documents/meteor-redux-reddit/tests/mocks/accounts-base.ts": {"path":"/home/alfred/Documents/meteor-redux-reddit/tests/mocks/accounts-base.ts","statementMap":{"0":{"start":{"line":1,"column":13},"end":{"line":3,"column":2}}},"fnMap":{},"branchMap":{},"s":{"0":1},"f":{},"b":{}}
,"/home/alfred/Documents/meteor-redux-reddit/tests/mocks/react-meteor-data.ts": {"path":"/home/alfred/Documents/meteor-redux-reddit/tests/mocks/react-meteor-data.ts","statementMap":{"0":{"start":{"line":1,"column":13},"end":{"line":1,"column":37}}},"fnMap":{},"branchMap":{},"s":{"0":1},"f":{},"b":{}}
,"/home/alfred/Documents/meteor-redux-reddit/tests/pages/AddPost.ts": {"path":"/home/alfred/Documents/meteor-redux-reddit/tests/pages/AddPost.ts","statementMap":{"0":{"start":{"line":3,"column":0},"end":{"line":3,"column":40}},"1":{"start":{"line":5,"column":0},"end":{"line":5,"column":37}},"2":{"start":{"line":5,"column":33},"end":{"line":5,"column":37}},"3":{"start":{"line":11,"column":18},"end":{"line":11,"column":22}},"4":{"start":{"line":11,"column":24},"end":{"line":11,"column":31}},"5":{"start":{"line":12,"column":8},"end":{"line":15,"column":5}},"6":{"start":{"line":7,"column":12},"end":{"line":7,"column":33}},"7":{"start":{"line":8,"column":12},"end":{"line":8,"column":32}},"8":{"start":{"line":9,"column":12},"end":{"line":9,"column":34}},"9":{"start":{"line":13,"column":8},"end":{"line":13,"column":20}},"10":{"start":{"line":14,"column":8},"end":{"line":14,"column":20}},"11":{"start":{"line":17,"column":17},"end":{"line":35,"column":5}},"12":{"start":{"line":17,"column":27},"end":{"line":17,"column":32}},"13":{"start":{"line":17,"column":34},"end":{"line":17,"column":38}},"14":{"start":{"line":19,"column":27},"end":{"line":19,"column":38}},"15":{"start":{"line":19,"column":14},"end":{"line":19,"column":49}},"16":{"start":{"line":20,"column":26},"end":{"line":20,"column":37}},"17":{"start":{"line":20,"column":14},"end":{"line":20,"column":47}},"18":{"start":{"line":21,"column":23},"end":{"line":21,"column":34}},"19":{"start":{"line":21,"column":14},"end":{"line":21,"column":46}},"20":{"start":{"line":23,"column":8},"end":{"line":23,"column":25}},"21":{"start":{"line":23,"column":8},"end":{"line":23,"column":32}},"22":{"start":{"line":24,"column":8},"end":{"line":24,"column":30}},"23":{"start":{"line":24,"column":8},"end":{"line":24,"column":36}},"24":{"start":{"line":25,"column":8},"end":{"line":25,"column":28}},"25":{"start":{"line":25,"column":8},"end":{"line":25,"column":42}},"26":{"start":{"line":27,"column":8},"end":{"line":27,"column":24}},"27":{"start":{"line":27,"column":8},"end":{"line":27,"column":31}},"28":{"start":{"line":28,"column":8},"end":{"line":28,"column":29}},"29":{"start":{"line":28,"column":8},"end":{"line":28,"column":34}},"30":{"start":{"line":29,"column":8},"end":{"line":29,"column":28}},"31":{"start":{"line":29,"column":8},"end":{"line":29,"column":46}},"32":{"start":{"line":31,"column":8},"end":{"line":31,"column":21}},"33":{"start":{"line":31,"column":8},"end":{"line":31,"column":28}},"34":{"start":{"line":32,"column":8},"end":{"line":32,"column":28}},"35":{"start":{"line":32,"column":8},"end":{"line":32,"column":45}},"36":{"start":{"line":34,"column":8},"end":{"line":34,"column":15}},"37":{"start":{"line":37,"column":0},"end":{"line":null,"column":-1}},"38":{"start":{"line":5,"column":13},"end":{"line":5,"column":24}}},"fnMap":{"0":{"name":"(anonymous_17)","decl":{"start":{"line":5,"column":0},"end":{"line":null,"column":-1}},"loc":{"start":{"line":5,"column":0},"end":{"line":5,"column":32}}},"1":{"name":"AddPostPage","decl":{"start":{"line":11,"column":4},"end":{"line":11,"column":15}},"loc":{"start":{"line":11,"column":16},"end":{"line":15,"column":5}}},"2":{"name":"(anonymous_19)","decl":{"start":{"line":17,"column":4},"end":{"line":17,"column":24}},"loc":{"start":{"line":17,"column":25},"end":{"line":35,"column":5}}}},"branchMap":{"0":{"loc":{"start":{"line":12,"column":8},"end":{"line":12,"column":29}},"type":"binary-expr","locations":[{"start":{"line":12,"column":8},"end":{"line":12,"column":29}},{"start":{"line":15,"column":5},"end":{"line":null,"column":-1}}]}},"s":{"0":0,"1":0,"2":0,"3":0,"4":0,"5":0,"6":0,"7":0,"8":0,"9":0,"10":0,"11":0,"12":0,"13":0,"14":0,"15":0,"16":0,"17":0,"18":0,"19":0,"20":0,"21":0,"22":0,"23":0,"24":0,"25":0,"26":0,"27":0,"28":0,"29":0,"30":0,"31":0,"32":0,"33":0,"34":0,"35":0,"36":0,"37":0,"38":0},"f":{"0":0,"1":0,"2":0},"b":{"0":[0,0]}}
,"/home/alfred/Documents/meteor-redux-reddit/tests/pages/Home.ts": {"path":"/home/alfred/Documents/meteor-redux-reddit/tests/pages/Home.ts","statementMap":{"0":{"start":{"line":3,"column":0},"end":{"line":3,"column":40}},"1":{"start":{"line":5,"column":0},"end":{"line":5,"column":34}},"2":{"start":{"line":5,"column":30},"end":{"line":5,"column":34}},"3":{"start":{"line":9,"column":18},"end":{"line":9,"column":22}},"4":{"start":{"line":9,"column":24},"end":{"line":9,"column":31}},"5":{"start":{"line":10,"column":8},"end":{"line":13,"column":5}},"6":{"start":{"line":7,"column":12},"end":{"line":7,"column":33}},"7":{"start":{"line":11,"column":8},"end":{"line":11,"column":20}},"8":{"start":{"line":12,"column":8},"end":{"line":12,"column":20}},"9":{"start":{"line":15,"column":17},"end":{"line":18,"column":5}},"10":{"start":{"line":16,"column":22},"end":{"line":16,"column":33}},"11":{"start":{"line":16,"column":14},"end":{"line":16,"column":44}},"12":{"start":{"line":17,"column":8},"end":{"line":17,"column":15}},"13":{"start":{"line":20,"column":0},"end":{"line":null,"column":-1}},"14":{"start":{"line":5,"column":13},"end":{"line":5,"column":21}}},"fnMap":{"0":{"name":"(anonymous_17)","decl":{"start":{"line":5,"column":0},"end":{"line":null,"column":-1}},"loc":{"start":{"line":5,"column":0},"end":{"line":5,"column":29}}},"1":{"name":"HomePage","decl":{"start":{"line":9,"column":4},"end":{"line":9,"column":15}},"loc":{"start":{"line":9,"column":16},"end":{"line":13,"column":5}}},"2":{"name":"(anonymous_19)","decl":{"start":{"line":15,"column":4},"end":{"line":null,"column":-1}},"loc":{"start":{"line":15,"column":4},"end":{"line":18,"column":5}}}},"branchMap":{"0":{"loc":{"start":{"line":10,"column":8},"end":{"line":10,"column":29}},"type":"binary-expr","locations":[{"start":{"line":10,"column":8},"end":{"line":10,"column":29}},{"start":{"line":13,"column":5},"end":{"line":null,"column":-1}}]}},"s":{"0":0,"1":0,"2":0,"3":0,"4":0,"5":0,"6":0,"7":0,"8":0,"9":0,"10":0,"11":0,"12":0,"13":0,"14":0},"f":{"0":0,"1":0,"2":0},"b":{"0":[0,0]}}
,"/home/alfred/Documents/meteor-redux-reddit/tests/pages/Login.ts": {"path":"/home/alfred/Documents/meteor-redux-reddit/tests/pages/Login.ts","statementMap":{"0":{"start":{"line":3,"column":0},"end":{"line":3,"column":40}},"1":{"start":{"line":5,"column":0},"end":{"line":5,"column":35}},"2":{"start":{"line":5,"column":31},"end":{"line":5,"column":35}},"3":{"start":{"line":11,"column":18},"end":{"line":11,"column":22}},"4":{"start":{"line":11,"column":24},"end":{"line":11,"column":31}},"5":{"start":{"line":12,"column":8},"end":{"line":15,"column":5}},"6":{"start":{"line":7,"column":12},"end":{"line":7,"column":36}},"7":{"start":{"line":8,"column":12},"end":{"line":8,"column":34}},"8":{"start":{"line":9,"column":12},"end":{"line":9,"column":36}},"9":{"start":{"line":13,"column":8},"end":{"line":13,"column":20}},"10":{"start":{"line":14,"column":8},"end":{"line":14,"column":20}},"11":{"start":{"line":17,"column":17},"end":{"line":35,"column":5}},"12":{"start":{"line":17,"column":25},"end":{"line":17,"column":33}},"13":{"start":{"line":17,"column":35},"end":{"line":17,"column":43}},"14":{"start":{"line":19,"column":30},"end":{"line":19,"column":41}},"15":{"start":{"line":19,"column":14},"end":{"line":19,"column":55}},"16":{"start":{"line":20,"column":30},"end":{"line":20,"column":41}},"17":{"start":{"line":20,"column":14},"end":{"line":20,"column":55}},"18":{"start":{"line":21,"column":23},"end":{"line":21,"column":34}},"19":{"start":{"line":21,"column":14},"end":{"line":21,"column":46}},"20":{"start":{"line":23,"column":8},"end":{"line":23,"column":28}},"21":{"start":{"line":23,"column":8},"end":{"line":23,"column":35}},"22":{"start":{"line":24,"column":8},"end":{"line":24,"column":33}},"23":{"start":{"line":24,"column":8},"end":{"line":24,"column":42}},"24":{"start":{"line":25,"column":8},"end":{"line":25,"column":28}},"25":{"start":{"line":25,"column":8},"end":{"line":25,"column":45}},"26":{"start":{"line":27,"column":8},"end":{"line":27,"column":28}},"27":{"start":{"line":27,"column":8},"end":{"line":27,"column":35}},"28":{"start":{"line":28,"column":8},"end":{"line":28,"column":33}},"29":{"start":{"line":28,"column":8},"end":{"line":28,"column":42}},"30":{"start":{"line":29,"column":8},"end":{"line":29,"column":28}},"31":{"start":{"line":29,"column":8},"end":{"line":29,"column":45}},"32":{"start":{"line":31,"column":8},"end":{"line":31,"column":21}},"33":{"start":{"line":31,"column":8},"end":{"line":31,"column":28}},"34":{"start":{"line":32,"column":8},"end":{"line":32,"column":28}},"35":{"start":{"line":32,"column":8},"end":{"line":32,"column":45}},"36":{"start":{"line":34,"column":8},"end":{"line":34,"column":15}},"37":{"start":{"line":37,"column":0},"end":{"line":null,"column":-1}},"38":{"start":{"line":5,"column":13},"end":{"line":5,"column":22}}},"fnMap":{"0":{"name":"(anonymous_17)","decl":{"start":{"line":5,"column":0},"end":{"line":null,"column":-1}},"loc":{"start":{"line":5,"column":0},"end":{"line":5,"column":30}}},"1":{"name":"LoginPage","decl":{"start":{"line":11,"column":4},"end":{"line":11,"column":15}},"loc":{"start":{"line":11,"column":16},"end":{"line":15,"column":5}}},"2":{"name":"(anonymous_19)","decl":{"start":{"line":17,"column":4},"end":{"line":17,"column":22}},"loc":{"start":{"line":17,"column":23},"end":{"line":35,"column":5}}}},"branchMap":{"0":{"loc":{"start":{"line":12,"column":8},"end":{"line":12,"column":29}},"type":"binary-expr","locations":[{"start":{"line":12,"column":8},"end":{"line":12,"column":29}},{"start":{"line":15,"column":5},"end":{"line":null,"column":-1}}]}},"s":{"0":0,"1":0,"2":0,"3":0,"4":0,"5":0,"6":0,"7":0,"8":0,"9":0,"10":0,"11":0,"12":0,"13":0,"14":0,"15":0,"16":0,"17":0,"18":0,"19":0,"20":0,"21":0,"22":0,"23":0,"24":0,"25":0,"26":0,"27":0,"28":0,"29":0,"30":0,"31":0,"32":0,"33":0,"34":0,"35":0,"36":0,"37":0,"38":0},"f":{"0":0,"1":0,"2":0},"b":{"0":[0,0]}}
,"/home/alfred/Documents/meteor-redux-reddit/tests/pages/Page.ts": {"path":"/home/alfred/Documents/meteor-redux-reddit/tests/pages/Page.ts","statementMap":{"0":{"start":{"line":11,"column":13},"end":{"line":16,"column":1}},"1":{"start":{"line":12,"column":4},"end":{"line":15,"column":5}},"2":{"start":{"line":13,"column":8},"end":{"line":13,"column":61}},"3":{"start":{"line":13,"column":8},"end":{"line":13,"column":68}},"4":{"start":{"line":14,"column":15},"end":{"line":14,"column":33}},"5":{"start":{"line":14,"column":8},"end":{"line":14,"column":42}},"6":{"start":{"line":18,"column":0},"end":{"line":null,"column":-1}},"7":{"start":{"line":26,"column":18},"end":{"line":26,"column":22}},"8":{"start":{"line":26,"column":24},"end":{"line":26,"column":31}},"9":{"start":{"line":27,"column":8},"end":{"line":27,"column":20}},"10":{"start":{"line":28,"column":8},"end":{"line":28,"column":23}},"11":{"start":{"line":29,"column":8},"end":{"line":29,"column":20}},"12":{"start":{"line":30,"column":8},"end":{"line":30,"column":20}},"13":{"start":{"line":31,"column":8},"end":{"line":31,"column":31}},"14":{"start":{"line":34,"column":17},"end":{"line":38,"column":5}},"15":{"start":{"line":35,"column":8},"end":{"line":35,"column":58}},"16":{"start":{"line":35,"column":8},"end":{"line":35,"column":65}},"17":{"start":{"line":36,"column":8},"end":{"line":36,"column":28}},"18":{"start":{"line":36,"column":8},"end":{"line":36,"column":42}},"19":{"start":{"line":37,"column":8},"end":{"line":37,"column":15}},"20":{"start":{"line":40,"column":17},"end":{"line":46,"column":5}},"21":{"start":{"line":41,"column":8},"end":{"line":43,"column":103}},"22":{"start":{"line":41,"column":8},"end":{"line":44,"column":10}},"23":{"start":{"line":45,"column":8},"end":{"line":45,"column":15}},"24":{"start":{"line":48,"column":0},"end":{"line":null,"column":-1}},"25":{"start":{"line":18,"column":22},"end":{"line":18,"column":26}}},"fnMap":{"0":{"name":"(anonymous_12)","decl":{"start":{"line":11,"column":24},"end":{"line":11,"column":24}},"loc":{"start":{"line":11,"column":25},"end":{"line":16,"column":1}}},"1":{"name":"(anonymous_13)","decl":{"start":{"line":12,"column":11},"end":{"line":null,"column":-1}},"loc":{"start":{"line":12,"column":11},"end":{"line":15,"column":5}}},"2":{"name":"(anonymous_16)","decl":{"start":{"line":18,"column":0},"end":{"line":null,"column":-1}},"loc":{"start":{"line":18,"column":0},"end":{"line":null,"column":-1}}},"3":{"name":"Page","decl":{"start":{"line":26,"column":4},"end":{"line":26,"column":15}},"loc":{"start":{"line":26,"column":16},"end":{"line":32,"column":5}}},"4":{"name":"(anonymous_18)","decl":{"start":{"line":34,"column":4},"end":{"line":null,"column":-1}},"loc":{"start":{"line":34,"column":4},"end":{"line":38,"column":5}}},"5":{"name":"(anonymous_21)","decl":{"start":{"line":40,"column":4},"end":{"line":40,"column":25}},"loc":{"start":{"line":40,"column":26},"end":{"line":46,"column":5}}}},"branchMap":{},"s":{"0":0,"1":0,"2":0,"3":0,"4":0,"5":0,"6":0,"7":0,"8":0,"9":0,"10":0,"11":0,"12":0,"13":0,"14":0,"15":0,"16":0,"17":0,"18":0,"19":0,"20":0,"21":0,"22":0,"23":0,"24":0,"25":0},"f":{"0":0,"1":0,"2":0,"3":0,"4":0,"5":0},"b":{}}
}
